10:25:34 - Information - Configured endpoint "productQueue", Consumer: "PocCqrs.Aplication.MessageBroker.Consumer.ProductConsumer" { SourceContext: "MassTransit", Environment: "Development" }
10:25:35 - Information - Application started. Press Ctrl+C to shut down. { SourceContext: "Microsoft.Hosting.Lifetime", Environment: "Development" }
10:25:35 - Information - Hosting environment: "Development" { SourceContext: "Microsoft.Hosting.Lifetime", Environment: "Development" }
10:25:35 - Information - Content root path: "C:\Users\dcalcena\source\repos\PocCqrs\PocCqrs" { SourceContext: "Microsoft.Hosting.Lifetime", Environment: "Development" }
10:25:39 - Warning - Connection Failed: rabbitmq://localhost/ { SourceContext: "MassTransit", Environment: "Development" }
10:25:50 - Warning - Connection Failed: rabbitmq://localhost/ { SourceContext: "MassTransit", Environment: "Development" }
10:26:04 - Warning - Connection Failed: rabbitmq://localhost/ { SourceContext: "MassTransit", Environment: "Development" }
10:26:23 - Warning - Connection Failed: rabbitmq://localhost/ { SourceContext: "MassTransit", Environment: "Development" }
10:26:58 - Warning - Connection Failed: rabbitmq://localhost/ { SourceContext: "MassTransit", Environment: "Development" }
10:27:34 - Warning - Connection Failed: rabbitmq://localhost/ { SourceContext: "MassTransit", Environment: "Development" }
10:28:09 - Warning - Connection Failed: rabbitmq://localhost/ { SourceContext: "MassTransit", Environment: "Development" }
10:28:44 - Warning - Connection Failed: rabbitmq://localhost/ { SourceContext: "MassTransit", Environment: "Development" }
10:40:00 - Information - Configured endpoint "productQueue", Consumer: "PocCqrs.Aplication.MessageBroker.Consumer.ProductConsumer" { SourceContext: "MassTransit", Environment: "Development" }
10:40:01 - Information - Application started. Press Ctrl+C to shut down. { SourceContext: "Microsoft.Hosting.Lifetime", Environment: "Development" }
10:40:01 - Information - Hosting environment: "Development" { SourceContext: "Microsoft.Hosting.Lifetime", Environment: "Development" }
10:40:01 - Information - Content root path: "C:\Users\dcalcena\source\repos\PocCqrs\PocCqrs" { SourceContext: "Microsoft.Hosting.Lifetime", Environment: "Development" }
10:40:05 - Warning - Connection Failed: rabbitmq://localhost/ { SourceContext: "MassTransit", Environment: "Development" }
10:40:16 - Warning - Connection Failed: rabbitmq://localhost/ { SourceContext: "MassTransit", Environment: "Development" }
10:40:30 - Warning - Connection Failed: rabbitmq://localhost/ { SourceContext: "MassTransit", Environment: "Development" }
10:40:36 - Error - A connection was successfully established with the server, but then an error occurred during the login process. (provider: SSL Provider, error: 0 - La cadena de certificación fue emitida por una entidad en la que no se confía.) { SourceContext: "PocCqrs.Controllers.ProductController", ActionId: "e076fe7c-da54-4d79-80eb-58028556b823", ActionName: "PocCqrs.Controllers.ProductController.GetAll (PocCqrs.Api)", RequestId: "4000001e-0000-fc00-b63f-84710c7967bb", RequestPath: "/Product", Environment: "Development" }
10:40:36 - Error - An unhandled exception has occurred while executing the request. { EventId: { Id: 1, Name: "UnhandledException" }, SourceContext: "Microsoft.AspNetCore.Diagnostics.DeveloperExceptionPageMiddleware", RequestId: "4000001e-0000-fc00-b63f-84710c7967bb", RequestPath: "/Product", Environment: "Development" }
10:40:50 - Warning - Connection Failed: rabbitmq://localhost/ { SourceContext: "MassTransit", Environment: "Development" }
10:41:24 - Warning - Connection Failed: rabbitmq://localhost/ { SourceContext: "MassTransit", Environment: "Development" }
10:41:55 - Warning - Connection Failed: rabbitmq://localhost/ { SourceContext: "MassTransit", Environment: "Development" }
10:42:16 - Error - A connection was successfully established with the server, but then an error occurred during the login process. (provider: SSL Provider, error: 0 - La cadena de certificación fue emitida por una entidad en la que no se confía.) { SourceContext: "PocCqrs.Controllers.ProductController", ActionId: "e076fe7c-da54-4d79-80eb-58028556b823", ActionName: "PocCqrs.Controllers.ProductController.GetAll (PocCqrs.Api)", RequestId: "4000001f-0000-fc00-b63f-84710c7967bb", RequestPath: "/Product", Environment: "Development" }
10:42:16 - Error - An unhandled exception has occurred while executing the request. { EventId: { Id: 1, Name: "UnhandledException" }, SourceContext: "Microsoft.AspNetCore.Diagnostics.DeveloperExceptionPageMiddleware", RequestId: "4000001f-0000-fc00-b63f-84710c7967bb", RequestPath: "/Product", Environment: "Development" }
10:42:26 - Information - Bus started: rabbitmq://localhost/ { SourceContext: "MassTransit", Environment: "Development" }
10:43:24 - Information - Configured endpoint "productQueue", Consumer: "PocCqrs.Aplication.MessageBroker.Consumer.ProductConsumer" { SourceContext: "MassTransit", Environment: "Development" }
10:43:25 - Information - Application started. Press Ctrl+C to shut down. { SourceContext: "Microsoft.Hosting.Lifetime", Environment: "Development" }
10:43:25 - Information - Hosting environment: "Development" { SourceContext: "Microsoft.Hosting.Lifetime", Environment: "Development" }
10:43:25 - Information - Content root path: "C:\Users\dcalcena\source\repos\PocCqrs\PocCqrs" { SourceContext: "Microsoft.Hosting.Lifetime", Environment: "Development" }
10:43:25 - Information - Bus started: rabbitmq://localhost/ { SourceContext: "MassTransit", Environment: "Development" }
10:43:50 - Information - Configured endpoint "productQueue", Consumer: "PocCqrs.Aplication.MessageBroker.Consumer.ProductConsumer" { SourceContext: "MassTransit", Environment: "Development" }
10:43:51 - Information - Application started. Press Ctrl+C to shut down. { SourceContext: "Microsoft.Hosting.Lifetime", Environment: "Development" }
10:43:51 - Information - Hosting environment: "Development" { SourceContext: "Microsoft.Hosting.Lifetime", Environment: "Development" }
10:43:51 - Information - Content root path: "C:\Users\dcalcena\source\repos\PocCqrs\PocCqrs" { SourceContext: "Microsoft.Hosting.Lifetime", Environment: "Development" }
10:43:51 - Information - Bus started: rabbitmq://localhost/ { SourceContext: "MassTransit", Environment: "Development" }
10:44:27 - Information - Configured endpoint "productQueue", Consumer: "PocCqrs.Aplication.MessageBroker.Consumer.ProductConsumer" { SourceContext: "MassTransit", Environment: "Development" }
10:44:28 - Information - Application started. Press Ctrl+C to shut down. { SourceContext: "Microsoft.Hosting.Lifetime", Environment: "Development" }
10:44:28 - Information - Hosting environment: "Development" { SourceContext: "Microsoft.Hosting.Lifetime", Environment: "Development" }
10:44:28 - Information - Content root path: "C:\Users\dcalcena\source\repos\PocCqrs\PocCqrs" { SourceContext: "Microsoft.Hosting.Lifetime", Environment: "Development" }
10:44:28 - Information - Bus started: rabbitmq://localhost/ { SourceContext: "MassTransit", Environment: "Development" }
10:44:31 - Error - An error occurred using the connection to database '"GSExample"' on server '"localhost"'. { EventId: { Id: 20004, Name: "Microsoft.EntityFrameworkCore.Database.Connection.ConnectionError" }, SourceContext: "Microsoft.EntityFrameworkCore.Database.Connection", ActionId: "ad59f815-1c79-49a7-9cd9-34a0f8e3bc13", ActionName: "PocCqrs.Controllers.ProductController.Create (PocCqrs.Api)", RequestId: "40000047-0002-ff00-b63f-84710c7967bb", RequestPath: "/Product", Environment: "Development" }
10:44:31 - Error - An exception occurred in the database while saving changes for context type '"PocCqrs.Infrastructure.EFCore.EFDataContext"'."
""Microsoft.Data.SqlClient.SqlException (0x80131904): A connection was successfully established with the server, but then an error occurred during the login process. (provider: SSL Provider, error: 0 - La cadena de certificación fue emitida por una entidad en la que no se confía.)
 ---> System.ComponentModel.Win32Exception (0x80090325): La cadena de certificación fue emitida por una entidad en la que no se confía.
   at Microsoft.Data.SqlClient.SqlInternalConnection.OnError(SqlException exception, Boolean breakConnection, Action`1 wrapCloseInAction)
   at Microsoft.Data.SqlClient.TdsParser.ThrowExceptionAndWarning(TdsParserStateObject stateObj, Boolean callerHasConnectionLock, Boolean asyncClose)
   at Microsoft.Data.SqlClient.TdsParserStateObject.ThrowExceptionAndWarning(Boolean callerHasConnectionLock, Boolean asyncClose)
   at Microsoft.Data.SqlClient.TdsParserStateObject.SNIWritePacket(PacketHandle packet, UInt32& sniError, Boolean canAccumulate, Boolean callerHasConnectionLock)
   at Microsoft.Data.SqlClient.TdsParserStateObject.WriteSni(Boolean canAccumulate)
   at Microsoft.Data.SqlClient.TdsParserStateObject.WritePacket(Byte flushMode, Boolean canAccumulate)
   at Microsoft.Data.SqlClient.TdsParser.TdsLogin(SqlLogin rec, FeatureExtension requestedFeatures, SessionData recoverySessionData, FederatedAuthenticationFeatureExtensionData fedAuthFeatureExtensionData)
   at Microsoft.Data.SqlClient.SqlInternalConnectionTds.Login(ServerInfo server, TimeoutTimer timeout, String newPassword, SecureString newSecurePassword)
   at Microsoft.Data.SqlClient.SqlInternalConnectionTds.AttemptOneLogin(ServerInfo serverInfo, String newPassword, SecureString newSecurePassword, Boolean ignoreSniOpenTimeout, TimeoutTimer timeout, Boolean withFailover)
   at Microsoft.Data.SqlClient.SqlInternalConnectionTds.LoginNoFailover(ServerInfo serverInfo, String newPassword, SecureString newSecurePassword, Boolean redirectedUserInstance, SqlConnectionString connectionOptions, SqlCredential credential, TimeoutTimer timeout)
   at Microsoft.Data.SqlClient.SqlInternalConnectionTds.OpenLoginEnlist(TimeoutTimer timeout, SqlConnectionString connectionOptions, SqlCredential credential, String newPassword, SecureString newSecurePassword, Boolean redirectedUserInstance)
   at Microsoft.Data.SqlClient.SqlInternalConnectionTds..ctor(DbConnectionPoolIdentity identity, SqlConnectionString connectionOptions, SqlCredential credential, Object providerInfo, String newPassword, SecureString newSecurePassword, Boolean redirectedUserInstance, SqlConnectionString userConnectionOptions, SessionData reconnectSessionData, Boolean applyTransientFaultHandling, String accessToken, DbConnectionPool pool)
   at Microsoft.Data.SqlClient.SqlConnectionFactory.CreateConnection(DbConnectionOptions options, DbConnectionPoolKey poolKey, Object poolGroupProviderInfo, DbConnectionPool pool, DbConnection owningConnection, DbConnectionOptions userOptions)
   at Microsoft.Data.ProviderBase.DbConnectionFactory.CreatePooledConnection(DbConnectionPool pool, DbConnection owningObject, DbConnectionOptions options, DbConnectionPoolKey poolKey, DbConnectionOptions userOptions)
   at Microsoft.Data.ProviderBase.DbConnectionPool.CreateObject(DbConnection owningObject, DbConnectionOptions userOptions, DbConnectionInternal oldConnection)
   at Microsoft.Data.ProviderBase.DbConnectionPool.UserCreateRequest(DbConnection owningObject, DbConnectionOptions userOptions, DbConnectionInternal oldConnection)
   at Microsoft.Data.ProviderBase.DbConnectionPool.TryGetConnection(DbConnection owningObject, UInt32 waitForMultipleObjectsTimeout, Boolean allowCreate, Boolean onlyOneCheckConnection, DbConnectionOptions userOptions, DbConnectionInternal& connection)
   at Microsoft.Data.ProviderBase.DbConnectionPool.WaitForPendingOpen()
--- End of stack trace from previous location ---
   at Microsoft.EntityFrameworkCore.Storage.RelationalConnection.OpenInternalAsync(Boolean errorsExpected, CancellationToken cancellationToken)
   at Microsoft.EntityFrameworkCore.Storage.RelationalConnection.OpenInternalAsync(Boolean errorsExpected, CancellationToken cancellationToken)
   at Microsoft.EntityFrameworkCore.Storage.RelationalConnection.OpenAsync(CancellationToken cancellationToken, Boolean errorsExpected)
   at Microsoft.EntityFrameworkCore.Storage.RelationalConnection.BeginTransactionAsync(IsolationLevel isolationLevel, CancellationToken cancellationToken)
   at Microsoft.EntityFrameworkCore.Storage.RelationalConnection.BeginTransactionAsync(CancellationToken cancellationToken)
   at Microsoft.EntityFrameworkCore.Update.Internal.BatchExecutor.ExecuteAsync(IEnumerable`1 commandBatches, IRelationalConnection connection, CancellationToken cancellationToken)
   at Microsoft.EntityFrameworkCore.Update.Internal.BatchExecutor.ExecuteAsync(IEnumerable`1 commandBatches, IRelationalConnection connection, CancellationToken cancellationToken)
   at Microsoft.EntityFrameworkCore.Update.Internal.BatchExecutor.ExecuteAsync(IEnumerable`1 commandBatches, IRelationalConnection connection, CancellationToken cancellationToken)
   at Microsoft.EntityFrameworkCore.ChangeTracking.Internal.StateManager.SaveChangesAsync(IList`1 entriesToSave, CancellationToken cancellationToken)
   at Microsoft.EntityFrameworkCore.ChangeTracking.Internal.StateManager.SaveChangesAsync(DbContext _, Boolean acceptAllChangesOnSuccess, CancellationToken cancellationToken)
   at Microsoft.EntityFrameworkCore.SqlServer.Storage.Internal.SqlServerExecutionStrategy.ExecuteAsync[TState,TResult](TState state, Func`4 operation, Func`4 verifySucceeded, CancellationToken cancellationToken)
   at Microsoft.EntityFrameworkCore.DbContext.SaveChangesAsync(Boolean acceptAllChangesOnSuccess, CancellationToken cancellationToken)
ClientConnectionId:92d690b5-ab62-4d11-ae8f-0b5f77752af2
Error Number:-2146893019,State:0,Class:20" { EventId: { Id: 10000, Name: "Microsoft.EntityFrameworkCore.Update.SaveChangesFailed" }, SourceContext: "Microsoft.EntityFrameworkCore.Update", ActionId: "ad59f815-1c79-49a7-9cd9-34a0f8e3bc13", ActionName: "PocCqrs.Controllers.ProductController.Create (PocCqrs.Api)", RequestId: "40000047-0002-ff00-b63f-84710c7967bb", RequestPath: "/Product", Environment: "Development" }
10:44:31 - Error - Error: "A connection was successfully established with the server, but then an error occurred during the login process. (provider: SSL Provider, error: 0 - La cadena de certificación fue emitida por una entidad en la que no se confía.)" { SourceContext: "PocCqrs.Controllers.ProductController", ActionId: "ad59f815-1c79-49a7-9cd9-34a0f8e3bc13", ActionName: "PocCqrs.Controllers.ProductController.Create (PocCqrs.Api)", RequestId: "40000047-0002-ff00-b63f-84710c7967bb", RequestPath: "/Product", Environment: "Development" }
10:44:31 - Error - An unhandled exception has occurred while executing the request. { EventId: { Id: 1, Name: "UnhandledException" }, SourceContext: "Microsoft.AspNetCore.Diagnostics.DeveloperExceptionPageMiddleware", RequestId: "40000047-0002-ff00-b63f-84710c7967bb", RequestPath: "/Product", Environment: "Development" }
10:45:06 - Error - An error occurred using the connection to database '"GSExample"' on server '"localhost"'. { EventId: { Id: 20004, Name: "Microsoft.EntityFrameworkCore.Database.Connection.ConnectionError" }, SourceContext: "Microsoft.EntityFrameworkCore.Database.Connection", ActionId: "ad59f815-1c79-49a7-9cd9-34a0f8e3bc13", ActionName: "PocCqrs.Controllers.ProductController.Create (PocCqrs.Api)", RequestId: "40000048-0002-ff00-b63f-84710c7967bb", RequestPath: "/Product", Environment: "Development" }
10:45:06 - Error - An exception occurred in the database while saving changes for context type '"PocCqrs.Infrastructure.EFCore.EFDataContext"'."
""Microsoft.Data.SqlClient.SqlException (0x80131904): A connection was successfully established with the server, but then an error occurred during the login process. (provider: SSL Provider, error: 0 - La cadena de certificación fue emitida por una entidad en la que no se confía.)
 ---> System.ComponentModel.Win32Exception (0x80090325): La cadena de certificación fue emitida por una entidad en la que no se confía.
   at Microsoft.Data.SqlClient.SqlInternalConnection.OnError(SqlException exception, Boolean breakConnection, Action`1 wrapCloseInAction)
   at Microsoft.Data.SqlClient.TdsParser.ThrowExceptionAndWarning(TdsParserStateObject stateObj, Boolean callerHasConnectionLock, Boolean asyncClose)
   at Microsoft.Data.SqlClient.TdsParserStateObject.ThrowExceptionAndWarning(Boolean callerHasConnectionLock, Boolean asyncClose)
   at Microsoft.Data.SqlClient.TdsParserStateObject.SNIWritePacket(PacketHandle packet, UInt32& sniError, Boolean canAccumulate, Boolean callerHasConnectionLock)
   at Microsoft.Data.SqlClient.TdsParserStateObject.WriteSni(Boolean canAccumulate)
   at Microsoft.Data.SqlClient.TdsParserStateObject.WritePacket(Byte flushMode, Boolean canAccumulate)
   at Microsoft.Data.SqlClient.TdsParser.TdsLogin(SqlLogin rec, FeatureExtension requestedFeatures, SessionData recoverySessionData, FederatedAuthenticationFeatureExtensionData fedAuthFeatureExtensionData)
   at Microsoft.Data.SqlClient.SqlInternalConnectionTds.Login(ServerInfo server, TimeoutTimer timeout, String newPassword, SecureString newSecurePassword)
   at Microsoft.Data.SqlClient.SqlInternalConnectionTds.AttemptOneLogin(ServerInfo serverInfo, String newPassword, SecureString newSecurePassword, Boolean ignoreSniOpenTimeout, TimeoutTimer timeout, Boolean withFailover)
   at Microsoft.Data.SqlClient.SqlInternalConnectionTds.LoginNoFailover(ServerInfo serverInfo, String newPassword, SecureString newSecurePassword, Boolean redirectedUserInstance, SqlConnectionString connectionOptions, SqlCredential credential, TimeoutTimer timeout)
   at Microsoft.Data.SqlClient.SqlInternalConnectionTds.OpenLoginEnlist(TimeoutTimer timeout, SqlConnectionString connectionOptions, SqlCredential credential, String newPassword, SecureString newSecurePassword, Boolean redirectedUserInstance)
   at Microsoft.Data.SqlClient.SqlInternalConnectionTds..ctor(DbConnectionPoolIdentity identity, SqlConnectionString connectionOptions, SqlCredential credential, Object providerInfo, String newPassword, SecureString newSecurePassword, Boolean redirectedUserInstance, SqlConnectionString userConnectionOptions, SessionData reconnectSessionData, Boolean applyTransientFaultHandling, String accessToken, DbConnectionPool pool)
   at Microsoft.Data.SqlClient.SqlConnectionFactory.CreateConnection(DbConnectionOptions options, DbConnectionPoolKey poolKey, Object poolGroupProviderInfo, DbConnectionPool pool, DbConnection owningConnection, DbConnectionOptions userOptions)
   at Microsoft.Data.ProviderBase.DbConnectionFactory.CreatePooledConnection(DbConnectionPool pool, DbConnection owningObject, DbConnectionOptions options, DbConnectionPoolKey poolKey, DbConnectionOptions userOptions)
   at Microsoft.Data.ProviderBase.DbConnectionPool.CreateObject(DbConnection owningObject, DbConnectionOptions userOptions, DbConnectionInternal oldConnection)
   at Microsoft.Data.ProviderBase.DbConnectionPool.UserCreateRequest(DbConnection owningObject, DbConnectionOptions userOptions, DbConnectionInternal oldConnection)
   at Microsoft.Data.ProviderBase.DbConnectionPool.TryGetConnection(DbConnection owningObject, UInt32 waitForMultipleObjectsTimeout, Boolean allowCreate, Boolean onlyOneCheckConnection, DbConnectionOptions userOptions, DbConnectionInternal& connection)
   at Microsoft.Data.ProviderBase.DbConnectionPool.WaitForPendingOpen()
--- End of stack trace from previous location ---
   at Microsoft.EntityFrameworkCore.Storage.RelationalConnection.OpenInternalAsync(Boolean errorsExpected, CancellationToken cancellationToken)
   at Microsoft.EntityFrameworkCore.Storage.RelationalConnection.OpenInternalAsync(Boolean errorsExpected, CancellationToken cancellationToken)
   at Microsoft.EntityFrameworkCore.Storage.RelationalConnection.OpenAsync(CancellationToken cancellationToken, Boolean errorsExpected)
   at Microsoft.EntityFrameworkCore.Storage.RelationalConnection.BeginTransactionAsync(IsolationLevel isolationLevel, CancellationToken cancellationToken)
   at Microsoft.EntityFrameworkCore.Storage.RelationalConnection.BeginTransactionAsync(CancellationToken cancellationToken)
   at Microsoft.EntityFrameworkCore.Update.Internal.BatchExecutor.ExecuteAsync(IEnumerable`1 commandBatches, IRelationalConnection connection, CancellationToken cancellationToken)
   at Microsoft.EntityFrameworkCore.Update.Internal.BatchExecutor.ExecuteAsync(IEnumerable`1 commandBatches, IRelationalConnection connection, CancellationToken cancellationToken)
   at Microsoft.EntityFrameworkCore.Update.Internal.BatchExecutor.ExecuteAsync(IEnumerable`1 commandBatches, IRelationalConnection connection, CancellationToken cancellationToken)
   at Microsoft.EntityFrameworkCore.ChangeTracking.Internal.StateManager.SaveChangesAsync(IList`1 entriesToSave, CancellationToken cancellationToken)
   at Microsoft.EntityFrameworkCore.ChangeTracking.Internal.StateManager.SaveChangesAsync(DbContext _, Boolean acceptAllChangesOnSuccess, CancellationToken cancellationToken)
   at Microsoft.EntityFrameworkCore.SqlServer.Storage.Internal.SqlServerExecutionStrategy.ExecuteAsync[TState,TResult](TState state, Func`4 operation, Func`4 verifySucceeded, CancellationToken cancellationToken)
   at Microsoft.EntityFrameworkCore.DbContext.SaveChangesAsync(Boolean acceptAllChangesOnSuccess, CancellationToken cancellationToken)
ClientConnectionId:a7b956c9-6a13-436a-a478-31393eb0c5cb
Error Number:-2146893019,State:0,Class:20" { EventId: { Id: 10000, Name: "Microsoft.EntityFrameworkCore.Update.SaveChangesFailed" }, SourceContext: "Microsoft.EntityFrameworkCore.Update", ActionId: "ad59f815-1c79-49a7-9cd9-34a0f8e3bc13", ActionName: "PocCqrs.Controllers.ProductController.Create (PocCqrs.Api)", RequestId: "40000048-0002-ff00-b63f-84710c7967bb", RequestPath: "/Product", Environment: "Development" }
10:45:06 - Error - Error: "A connection was successfully established with the server, but then an error occurred during the login process. (provider: SSL Provider, error: 0 - La cadena de certificación fue emitida por una entidad en la que no se confía.)" { SourceContext: "PocCqrs.Controllers.ProductController", ActionId: "ad59f815-1c79-49a7-9cd9-34a0f8e3bc13", ActionName: "PocCqrs.Controllers.ProductController.Create (PocCqrs.Api)", RequestId: "40000048-0002-ff00-b63f-84710c7967bb", RequestPath: "/Product", Environment: "Development" }
10:45:06 - Error - An unhandled exception has occurred while executing the request. { EventId: { Id: 1, Name: "UnhandledException" }, SourceContext: "Microsoft.AspNetCore.Diagnostics.DeveloperExceptionPageMiddleware", RequestId: "40000048-0002-ff00-b63f-84710c7967bb", RequestPath: "/Product", Environment: "Development" }
10:45:07 - Error - An error occurred using the connection to database '"GSExample"' on server '"localhost"'. { EventId: { Id: 20004, Name: "Microsoft.EntityFrameworkCore.Database.Connection.ConnectionError" }, SourceContext: "Microsoft.EntityFrameworkCore.Database.Connection", ActionId: "ad59f815-1c79-49a7-9cd9-34a0f8e3bc13", ActionName: "PocCqrs.Controllers.ProductController.Create (PocCqrs.Api)", RequestId: "40000049-0002-ff00-b63f-84710c7967bb", RequestPath: "/Product", Environment: "Development" }
10:45:07 - Error - An exception occurred in the database while saving changes for context type '"PocCqrs.Infrastructure.EFCore.EFDataContext"'."
""Microsoft.Data.SqlClient.SqlException (0x80131904): A connection was successfully established with the server, but then an error occurred during the login process. (provider: SSL Provider, error: 0 - La cadena de certificación fue emitida por una entidad en la que no se confía.)
 ---> System.ComponentModel.Win32Exception (0x80090325): La cadena de certificación fue emitida por una entidad en la que no se confía.
   at Microsoft.Data.ProviderBase.DbConnectionPool.TryGetConnection(DbConnection owningObject, UInt32 waitForMultipleObjectsTimeout, Boolean allowCreate, Boolean onlyOneCheckConnection, DbConnectionOptions userOptions, DbConnectionInternal& connection)
   at Microsoft.Data.ProviderBase.DbConnectionPool.TryGetConnection(DbConnection owningObject, TaskCompletionSource`1 retry, DbConnectionOptions userOptions, DbConnectionInternal& connection)
   at Microsoft.Data.ProviderBase.DbConnectionFactory.TryGetConnection(DbConnection owningConnection, TaskCompletionSource`1 retry, DbConnectionOptions userOptions, DbConnectionInternal oldConnection, DbConnectionInternal& connection)
   at Microsoft.Data.ProviderBase.DbConnectionInternal.TryOpenConnectionInternal(DbConnection outerConnection, DbConnectionFactory connectionFactory, TaskCompletionSource`1 retry, DbConnectionOptions userOptions)
   at Microsoft.Data.ProviderBase.DbConnectionClosed.TryOpenConnection(DbConnection outerConnection, DbConnectionFactory connectionFactory, TaskCompletionSource`1 retry, DbConnectionOptions userOptions)
   at Microsoft.Data.SqlClient.SqlConnection.TryOpen(TaskCompletionSource`1 retry, SqlConnectionOverrides overrides)
   at Microsoft.Data.SqlClient.SqlConnection.InternalOpenAsync(CancellationToken cancellationToken)
--- End of stack trace from previous location ---
   at Microsoft.EntityFrameworkCore.Storage.RelationalConnection.OpenInternalAsync(Boolean errorsExpected, CancellationToken cancellationToken)
   at Microsoft.EntityFrameworkCore.Storage.RelationalConnection.OpenInternalAsync(Boolean errorsExpected, CancellationToken cancellationToken)
   at Microsoft.EntityFrameworkCore.Storage.RelationalConnection.OpenAsync(CancellationToken cancellationToken, Boolean errorsExpected)
   at Microsoft.EntityFrameworkCore.Storage.RelationalConnection.BeginTransactionAsync(IsolationLevel isolationLevel, CancellationToken cancellationToken)
   at Microsoft.EntityFrameworkCore.Storage.RelationalConnection.BeginTransactionAsync(CancellationToken cancellationToken)
   at Microsoft.EntityFrameworkCore.Update.Internal.BatchExecutor.ExecuteAsync(IEnumerable`1 commandBatches, IRelationalConnection connection, CancellationToken cancellationToken)
   at Microsoft.EntityFrameworkCore.Update.Internal.BatchExecutor.ExecuteAsync(IEnumerable`1 commandBatches, IRelationalConnection connection, CancellationToken cancellationToken)
   at Microsoft.EntityFrameworkCore.Update.Internal.BatchExecutor.ExecuteAsync(IEnumerable`1 commandBatches, IRelationalConnection connection, CancellationToken cancellationToken)
   at Microsoft.EntityFrameworkCore.ChangeTracking.Internal.StateManager.SaveChangesAsync(IList`1 entriesToSave, CancellationToken cancellationToken)
   at Microsoft.EntityFrameworkCore.ChangeTracking.Internal.StateManager.SaveChangesAsync(DbContext _, Boolean acceptAllChangesOnSuccess, CancellationToken cancellationToken)
   at Microsoft.EntityFrameworkCore.SqlServer.Storage.Internal.SqlServerExecutionStrategy.ExecuteAsync[TState,TResult](TState state, Func`4 operation, Func`4 verifySucceeded, CancellationToken cancellationToken)
   at Microsoft.EntityFrameworkCore.DbContext.SaveChangesAsync(Boolean acceptAllChangesOnSuccess, CancellationToken cancellationToken)
ClientConnectionId:a7b956c9-6a13-436a-a478-31393eb0c5cb
Error Number:-2146893019,State:0,Class:20" { EventId: { Id: 10000, Name: "Microsoft.EntityFrameworkCore.Update.SaveChangesFailed" }, SourceContext: "Microsoft.EntityFrameworkCore.Update", ActionId: "ad59f815-1c79-49a7-9cd9-34a0f8e3bc13", ActionName: "PocCqrs.Controllers.ProductController.Create (PocCqrs.Api)", RequestId: "40000049-0002-ff00-b63f-84710c7967bb", RequestPath: "/Product", Environment: "Development" }
10:45:07 - Error - Error: "A connection was successfully established with the server, but then an error occurred during the login process. (provider: SSL Provider, error: 0 - La cadena de certificación fue emitida por una entidad en la que no se confía.)" { SourceContext: "PocCqrs.Controllers.ProductController", ActionId: "ad59f815-1c79-49a7-9cd9-34a0f8e3bc13", ActionName: "PocCqrs.Controllers.ProductController.Create (PocCqrs.Api)", RequestId: "40000049-0002-ff00-b63f-84710c7967bb", RequestPath: "/Product", Environment: "Development" }
10:45:07 - Error - An unhandled exception has occurred while executing the request. { EventId: { Id: 1, Name: "UnhandledException" }, SourceContext: "Microsoft.AspNetCore.Diagnostics.DeveloperExceptionPageMiddleware", RequestId: "40000049-0002-ff00-b63f-84710c7967bb", RequestPath: "/Product", Environment: "Development" }
10:45:54 - Information - Configured endpoint "productQueue", Consumer: "PocCqrs.Aplication.MessageBroker.Consumer.ProductConsumer" { SourceContext: "MassTransit", Environment: "Development" }
10:45:55 - Information - Application started. Press Ctrl+C to shut down. { SourceContext: "Microsoft.Hosting.Lifetime", Environment: "Development" }
10:45:55 - Information - Hosting environment: "Development" { SourceContext: "Microsoft.Hosting.Lifetime", Environment: "Development" }
10:45:55 - Information - Content root path: "C:\Users\dcalcena\source\repos\PocCqrs\PocCqrs" { SourceContext: "Microsoft.Hosting.Lifetime", Environment: "Development" }
10:45:55 - Information - Bus started: rabbitmq://localhost/ { SourceContext: "MassTransit", Environment: "Development" }
10:46:22 - Error - A connection was successfully established with the server, but then an error occurred during the login process. (provider: SSL Provider, error: 0 - La cadena de certificación fue emitida por una entidad en la que no se confía.) { SourceContext: "PocCqrs.Controllers.ProductController", ActionId: "e910f823-bcc6-4a77-a3ad-e3b07de25b7a", ActionName: "PocCqrs.Controllers.ProductController.GetAll (PocCqrs.Api)", RequestId: "400000a5-0005-fd00-b63f-84710c7967bb", RequestPath: "/Product", Environment: "Development" }
10:46:22 - Error - An unhandled exception has occurred while executing the request. { EventId: { Id: 1, Name: "UnhandledException" }, SourceContext: "Microsoft.AspNetCore.Diagnostics.DeveloperExceptionPageMiddleware", RequestId: "400000a5-0005-fd00-b63f-84710c7967bb", RequestPath: "/Product", Environment: "Development" }
10:48:00 - Error - A connection was successfully established with the server, but then an error occurred during the login process. (provider: SSL Provider, error: 0 - La cadena de certificación fue emitida por una entidad en la que no se confía.) { SourceContext: "PocCqrs.Controllers.ProductController", ActionId: "e910f823-bcc6-4a77-a3ad-e3b07de25b7a", ActionName: "PocCqrs.Controllers.ProductController.GetAll (PocCqrs.Api)", RequestId: "400000a6-0005-fd00-b63f-84710c7967bb", RequestPath: "/Product", Environment: "Development" }
10:48:37 - Error - An unhandled exception has occurred while executing the request. { EventId: { Id: 1, Name: "UnhandledException" }, SourceContext: "Microsoft.AspNetCore.Diagnostics.DeveloperExceptionPageMiddleware", RequestId: "400000a6-0005-fd00-b63f-84710c7967bb", RequestPath: "/Product", Environment: "Development" }
11:04:39 - Information - Configured endpoint "productQueue", Consumer: "PocCqrs.Aplication.MessageBroker.Consumer.ProductConsumer" { SourceContext: "MassTransit", Environment: "Development" }
11:04:40 - Information - Application started. Press Ctrl+C to shut down. { SourceContext: "Microsoft.Hosting.Lifetime", Environment: "Development" }
11:04:40 - Information - Hosting environment: "Development" { SourceContext: "Microsoft.Hosting.Lifetime", Environment: "Development" }
11:04:40 - Information - Content root path: "C:\Users\dcalcena\source\repos\PocCqrs\PocCqrs" { SourceContext: "Microsoft.Hosting.Lifetime", Environment: "Development" }
11:04:40 - Information - Bus started: rabbitmq://localhost/ { SourceContext: "MassTransit", Environment: "Development" }
11:04:45 - Error - Error: "A connection was successfully established with the server, but then an error occurred during the login process. (provider: SSL Provider, error: 0 - La cadena de certificación fue emitida por una entidad en la que no se confía.)" { SourceContext: "PocCqrs.Controllers.ProductController", ActionId: "80ee80ec-3915-475b-bc30-0ffb618cdf0b", ActionName: "PocCqrs.Controllers.ProductController.GetAll (PocCqrs.Api)", RequestId: "40000047-0004-fb00-b63f-84710c7967bb", RequestPath: "/Product", Environment: "Development" }
11:04:45 - Error - An unhandled exception has occurred while executing the request. { EventId: { Id: 1, Name: "UnhandledException" }, SourceContext: "Microsoft.AspNetCore.Diagnostics.DeveloperExceptionPageMiddleware", RequestId: "40000047-0004-fb00-b63f-84710c7967bb", RequestPath: "/Product", Environment: "Development" }
11:12:45 - Information - Configured endpoint "productQueue", Consumer: "PocCqrs.Aplication.MessageBroker.Consumer.ProductConsumer" { SourceContext: "MassTransit", Environment: "Development" }
11:12:46 - Information - Application started. Press Ctrl+C to shut down. { SourceContext: "Microsoft.Hosting.Lifetime", Environment: "Development" }
11:12:46 - Information - Hosting environment: "Development" { SourceContext: "Microsoft.Hosting.Lifetime", Environment: "Development" }
11:12:46 - Information - Content root path: "C:\Users\dcalcena\source\repos\PocCqrs\PocCqrs" { SourceContext: "Microsoft.Hosting.Lifetime", Environment: "Development" }
11:12:46 - Information - Bus started: rabbitmq://localhost/ { SourceContext: "MassTransit", Environment: "Development" }
11:13:06 - Information - Configured endpoint "productQueue", Consumer: "PocCqrs.Aplication.MessageBroker.Consumer.ProductConsumer" { SourceContext: "MassTransit", Environment: "Development" }
11:13:07 - Information - Application started. Press Ctrl+C to shut down. { SourceContext: "Microsoft.Hosting.Lifetime", Environment: "Development" }
11:13:07 - Information - Hosting environment: "Development" { SourceContext: "Microsoft.Hosting.Lifetime", Environment: "Development" }
11:13:07 - Information - Content root path: "C:\Users\dcalcena\source\repos\PocCqrs\PocCqrs" { SourceContext: "Microsoft.Hosting.Lifetime", Environment: "Development" }
11:13:07 - Information - Bus started: rabbitmq://localhost/ { SourceContext: "MassTransit", Environment: "Development" }
11:13:11 - Information - ProductController: {"Code":"1122"} { SourceContext: "PocCqrs.Controllers.ProductController", ActionId: "25272894-7e62-4885-bb15-c44a741d6ee5", ActionName: "PocCqrs.Controllers.ProductController.Create (PocCqrs.Api)", RequestId: "40000011-0006-fe00-b63f-84710c7967bb", RequestPath: "/Product", Environment: "Development" }
11:24:15 - Information - Configured endpoint "productQueue", Consumer: "PocCqrs.Aplication.MessageBroker.Consumer.ProductConsumer" { SourceContext: "MassTransit", Environment: "Development" }
11:24:16 - Information - Application started. Press Ctrl+C to shut down. { SourceContext: "Microsoft.Hosting.Lifetime", Environment: "Development" }
11:24:16 - Information - Hosting environment: "Development" { SourceContext: "Microsoft.Hosting.Lifetime", Environment: "Development" }
11:24:16 - Information - Content root path: "C:\Users\dcalcena\source\repos\PocCqrs\PocCqrs" { SourceContext: "Microsoft.Hosting.Lifetime", Environment: "Development" }
11:24:16 - Information - Bus started: rabbitmq://localhost/ { SourceContext: "MassTransit", Environment: "Development" }
11:24:21 - Information - ProductController: {"Code":"1122"} { SourceContext: "PocCqrs.Controllers.ProductController", ActionId: "80f33c1c-ada0-4824-8bcd-49acfd9b8c44", ActionName: "PocCqrs.Controllers.ProductController.Create (PocCqrs.Api)", RequestId: "4000002a-0001-ff00-b63f-84710c7967bb", RequestPath: "/Product", Environment: "Development" }
11:25:57 - Information - Configured endpoint "productQueue", Consumer: "PocCqrs.Aplication.MessageBroker.Consumer.ProductConsumer" { SourceContext: "MassTransit", Environment: "Development" }
11:25:58 - Information - Application started. Press Ctrl+C to shut down. { SourceContext: "Microsoft.Hosting.Lifetime", Environment: "Development" }
11:25:58 - Information - Hosting environment: "Development" { SourceContext: "Microsoft.Hosting.Lifetime", Environment: "Development" }
11:25:58 - Information - Content root path: "C:\Users\dcalcena\source\repos\PocCqrs\PocCqrs" { SourceContext: "Microsoft.Hosting.Lifetime", Environment: "Development" }
11:25:58 - Information - Bus started: rabbitmq://localhost/ { SourceContext: "MassTransit", Environment: "Development" }
11:26:23 - Information - Configured endpoint "productQueue", Consumer: "PocCqrs.Aplication.MessageBroker.Consumer.ProductConsumer" { SourceContext: "MassTransit", Environment: "Development" }
11:26:25 - Information - Application started. Press Ctrl+C to shut down. { SourceContext: "Microsoft.Hosting.Lifetime", Environment: "Development" }
11:26:25 - Information - Hosting environment: "Development" { SourceContext: "Microsoft.Hosting.Lifetime", Environment: "Development" }
11:26:25 - Information - Content root path: "C:\Users\dcalcena\source\repos\PocCqrs\PocCqrs" { SourceContext: "Microsoft.Hosting.Lifetime", Environment: "Development" }
11:26:25 - Information - Bus started: rabbitmq://localhost/ { SourceContext: "MassTransit", Environment: "Development" }
11:27:36 - Information - Configured endpoint "productQueue", Consumer: "PocCqrs.Aplication.MessageBroker.Consumer.ProductConsumer" { SourceContext: "MassTransit", Environment: "Development" }
11:27:37 - Information - Application started. Press Ctrl+C to shut down. { SourceContext: "Microsoft.Hosting.Lifetime", Environment: "Development" }
11:27:37 - Information - Hosting environment: "Development" { SourceContext: "Microsoft.Hosting.Lifetime", Environment: "Development" }
11:27:37 - Information - Content root path: "C:\Users\dcalcena\source\repos\PocCqrs\PocCqrs" { SourceContext: "Microsoft.Hosting.Lifetime", Environment: "Development" }
11:27:38 - Information - Bus started: rabbitmq://localhost/ { SourceContext: "MassTransit", Environment: "Development" }
11:27:56 - Information - Configured endpoint "productQueue", Consumer: "PocCqrs.Aplication.MessageBroker.Consumer.ProductConsumer" { SourceContext: "MassTransit", Environment: "Development" }
11:27:57 - Information - Application started. Press Ctrl+C to shut down. { SourceContext: "Microsoft.Hosting.Lifetime", Environment: "Development" }
11:27:57 - Information - Hosting environment: "Development" { SourceContext: "Microsoft.Hosting.Lifetime", Environment: "Development" }
11:27:57 - Information - Content root path: "C:\Users\dcalcena\source\repos\PocCqrs\PocCqrs" { SourceContext: "Microsoft.Hosting.Lifetime", Environment: "Development" }
11:27:57 - Information - Bus started: rabbitmq://localhost/ { SourceContext: "MassTransit", Environment: "Development" }
11:29:50 - Information - Configured endpoint "productQueue", Consumer: "PocCqrs.Aplication.MessageBroker.Consumer.ProductConsumer" { SourceContext: "MassTransit", Environment: "Development" }
11:29:51 - Information - Application started. Press Ctrl+C to shut down. { SourceContext: "Microsoft.Hosting.Lifetime", Environment: "Development" }
11:29:51 - Information - Hosting environment: "Development" { SourceContext: "Microsoft.Hosting.Lifetime", Environment: "Development" }
11:29:51 - Information - Content root path: "C:\Users\dcalcena\source\repos\PocCqrs\PocCqrs" { SourceContext: "Microsoft.Hosting.Lifetime", Environment: "Development" }
11:29:51 - Information - Bus started: rabbitmq://localhost/ { SourceContext: "MassTransit", Environment: "Development" }
11:31:35 - Information - Configured endpoint "productQueue", Consumer: "PocCqrs.Aplication.MessageBroker.Consumer.ProductConsumer" { SourceContext: "MassTransit", Environment: "Development" }
11:31:36 - Information - Application started. Press Ctrl+C to shut down. { SourceContext: "Microsoft.Hosting.Lifetime", Environment: "Development" }
11:31:36 - Information - Hosting environment: "Development" { SourceContext: "Microsoft.Hosting.Lifetime", Environment: "Development" }
11:31:36 - Information - Content root path: "C:\Users\dcalcena\source\repos\PocCqrs\PocCqrs" { SourceContext: "Microsoft.Hosting.Lifetime", Environment: "Development" }
11:31:36 - Information - Bus started: rabbitmq://localhost/ { SourceContext: "MassTransit", Environment: "Development" }
11:32:17 - Information - Configured endpoint "productQueue", Consumer: "PocCqrs.Aplication.MessageBroker.Consumer.ProductConsumer" { SourceContext: "MassTransit", Environment: "Development" }
11:32:18 - Information - Application started. Press Ctrl+C to shut down. { SourceContext: "Microsoft.Hosting.Lifetime", Environment: "Development" }
11:32:18 - Information - Hosting environment: "Development" { SourceContext: "Microsoft.Hosting.Lifetime", Environment: "Development" }
11:32:18 - Information - Content root path: "C:\Users\dcalcena\source\repos\PocCqrs\PocCqrs" { SourceContext: "Microsoft.Hosting.Lifetime", Environment: "Development" }
11:32:18 - Information - Bus started: rabbitmq://localhost/ { SourceContext: "MassTransit", Environment: "Development" }
11:32:59 - Information - Configured endpoint "productQueue", Consumer: "PocCqrs.Aplication.MessageBroker.Consumer.ProductConsumer" { SourceContext: "MassTransit", Environment: "Development" }
11:33:00 - Information - Application started. Press Ctrl+C to shut down. { SourceContext: "Microsoft.Hosting.Lifetime", Environment: "Development" }
11:33:00 - Information - Hosting environment: "Development" { SourceContext: "Microsoft.Hosting.Lifetime", Environment: "Development" }
11:33:00 - Information - Content root path: "C:\Users\dcalcena\source\repos\PocCqrs\PocCqrs" { SourceContext: "Microsoft.Hosting.Lifetime", Environment: "Development" }
11:33:00 - Information - Bus started: rabbitmq://localhost/ { SourceContext: "MassTransit", Environment: "Development" }
11:39:06 - Information - Configured endpoint "productQueue", Consumer: "PocCqrs.Aplication.MessageBroker.Consumer.ProductConsumer" { SourceContext: "MassTransit", Environment: "Development" }
11:39:07 - Information - Application started. Press Ctrl+C to shut down. { SourceContext: "Microsoft.Hosting.Lifetime", Environment: "Development" }
11:39:07 - Information - Hosting environment: "Development" { SourceContext: "Microsoft.Hosting.Lifetime", Environment: "Development" }
11:39:07 - Information - Content root path: "C:\Users\dcalcena\source\repos\PocCqrs\PocCqrs" { SourceContext: "Microsoft.Hosting.Lifetime", Environment: "Development" }
11:39:07 - Information - Bus started: rabbitmq://localhost/ { SourceContext: "MassTransit", Environment: "Development" }
11:39:16 - Information - ProductController: {"Code":"1199"} { SourceContext: "PocCqrs.Controllers.ProductController", ActionId: "b99ee3d6-a007-4120-8126-03d5b9afc6f6", ActionName: "PocCqrs.Controllers.ProductController.Create (PocCqrs.Api)", RequestId: "40000055-0002-ff00-b63f-84710c7967bb", RequestPath: "/Product", Environment: "Development" }
11:40:05 - Information - Configured endpoint "productQueue", Consumer: "PocCqrs.Aplication.MessageBroker.Consumer.ProductConsumer" { SourceContext: "MassTransit", Environment: "Development" }
11:40:06 - Information - Application started. Press Ctrl+C to shut down. { SourceContext: "Microsoft.Hosting.Lifetime", Environment: "Development" }
11:40:06 - Information - Hosting environment: "Development" { SourceContext: "Microsoft.Hosting.Lifetime", Environment: "Development" }
11:40:06 - Information - Content root path: "C:\Users\dcalcena\source\repos\PocCqrs\PocCqrs" { SourceContext: "Microsoft.Hosting.Lifetime", Environment: "Development" }
11:40:06 - Information - Bus started: rabbitmq://localhost/ { SourceContext: "MassTransit", Environment: "Development" }
11:53:40 - Information - Configured endpoint "productQueue", Consumer: "PocCqrs.Aplication.MessageBroker.Consumer.ProductConsumer" { SourceContext: "MassTransit", Environment: "Development" }
11:53:41 - Information - Application started. Press Ctrl+C to shut down. { SourceContext: "Microsoft.Hosting.Lifetime", Environment: "Development" }
11:53:41 - Information - Hosting environment: "Development" { SourceContext: "Microsoft.Hosting.Lifetime", Environment: "Development" }
11:53:41 - Information - Content root path: "C:\Users\dcalcena\source\repos\PocCqrs\PocCqrs" { SourceContext: "Microsoft.Hosting.Lifetime", Environment: "Development" }
11:53:41 - Information - Bus started: rabbitmq://localhost/ { SourceContext: "MassTransit", Environment: "Development" }
11:54:48 - Error - An unhandled exception has occurred while executing the request. { EventId: { Id: 1, Name: "UnhandledException" }, SourceContext: "Microsoft.AspNetCore.Diagnostics.DeveloperExceptionPageMiddleware", RequestId: "40000054-0004-fb00-b63f-84710c7967bb", RequestPath: "/Product/2", Environment: "Development" }
11:58:21 - Information - Configured endpoint "productQueue", Consumer: "PocCqrs.Aplication.MessageBroker.Consumer.ProductConsumer" { SourceContext: "MassTransit", Environment: "Development" }
11:58:22 - Information - Application started. Press Ctrl+C to shut down. { SourceContext: "Microsoft.Hosting.Lifetime", Environment: "Development" }
11:58:22 - Information - Hosting environment: "Development" { SourceContext: "Microsoft.Hosting.Lifetime", Environment: "Development" }
11:58:22 - Information - Content root path: "C:\Users\dcalcena\source\repos\PocCqrs\PocCqrs" { SourceContext: "Microsoft.Hosting.Lifetime", Environment: "Development" }
11:58:22 - Information - Bus started: rabbitmq://localhost/ { SourceContext: "MassTransit", Environment: "Development" }
12:02:13 - Information - Configured endpoint "productQueue", Consumer: "PocCqrs.Aplication.MessageBroker.Consumer.ProductConsumer" { SourceContext: "MassTransit", Environment: "Development" }
12:02:15 - Information - Application started. Press Ctrl+C to shut down. { SourceContext: "Microsoft.Hosting.Lifetime", Environment: "Development" }
12:02:15 - Information - Hosting environment: "Development" { SourceContext: "Microsoft.Hosting.Lifetime", Environment: "Development" }
12:02:15 - Information - Content root path: "C:\Users\dcalcena\source\repos\PocCqrs\PocCqrs" { SourceContext: "Microsoft.Hosting.Lifetime", Environment: "Development" }
12:02:15 - Information - Bus started: rabbitmq://localhost/ { SourceContext: "MassTransit", Environment: "Development" }
12:09:01 - Information - Configured endpoint "productQueue", Consumer: "PocCqrs.Aplication.MessageBroker.Consumer.ProductConsumer" { SourceContext: "MassTransit", Environment: "Development" }
12:09:02 - Information - Application started. Press Ctrl+C to shut down. { SourceContext: "Microsoft.Hosting.Lifetime", Environment: "Development" }
12:09:02 - Information - Hosting environment: "Development" { SourceContext: "Microsoft.Hosting.Lifetime", Environment: "Development" }
12:09:02 - Information - Content root path: "C:\Users\dcalcena\source\repos\PocCqrs\PocCqrs" { SourceContext: "Microsoft.Hosting.Lifetime", Environment: "Development" }
12:09:03 - Information - Bus started: rabbitmq://localhost/ { SourceContext: "MassTransit", Environment: "Development" }
12:09:29 - Information - Configured endpoint "productQueue", Consumer: "PocCqrs.Aplication.MessageBroker.Consumer.ProductConsumer" { SourceContext: "MassTransit", Environment: "Development" }
12:09:30 - Information - Application started. Press Ctrl+C to shut down. { SourceContext: "Microsoft.Hosting.Lifetime", Environment: "Development" }
12:09:30 - Information - Hosting environment: "Development" { SourceContext: "Microsoft.Hosting.Lifetime", Environment: "Development" }
12:09:30 - Information - Content root path: "C:\Users\dcalcena\source\repos\PocCqrs\PocCqrs" { SourceContext: "Microsoft.Hosting.Lifetime", Environment: "Development" }
12:09:30 - Information - Bus started: rabbitmq://localhost/ { SourceContext: "MassTransit", Environment: "Development" }
12:10:04 - Information - Configured endpoint "productQueue", Consumer: "PocCqrs.Aplication.MessageBroker.Consumer.ProductConsumer" { SourceContext: "MassTransit", Environment: "Development" }
12:10:05 - Information - Application started. Press Ctrl+C to shut down. { SourceContext: "Microsoft.Hosting.Lifetime", Environment: "Development" }
12:10:05 - Information - Hosting environment: "Development" { SourceContext: "Microsoft.Hosting.Lifetime", Environment: "Development" }
12:10:05 - Information - Content root path: "C:\Users\dcalcena\source\repos\PocCqrs\PocCqrs" { SourceContext: "Microsoft.Hosting.Lifetime", Environment: "Development" }
12:10:05 - Information - Bus started: rabbitmq://localhost/ { SourceContext: "MassTransit", Environment: "Development" }
12:10:30 - Information - Configured endpoint "productQueue", Consumer: "PocCqrs.Aplication.MessageBroker.Consumer.ProductConsumer" { SourceContext: "MassTransit", Environment: "Development" }
12:10:31 - Information - Application started. Press Ctrl+C to shut down. { SourceContext: "Microsoft.Hosting.Lifetime", Environment: "Development" }
12:10:31 - Information - Hosting environment: "Development" { SourceContext: "Microsoft.Hosting.Lifetime", Environment: "Development" }
12:10:31 - Information - Content root path: "C:\Users\dcalcena\source\repos\PocCqrs\PocCqrs" { SourceContext: "Microsoft.Hosting.Lifetime", Environment: "Development" }
12:10:31 - Information - Bus started: rabbitmq://localhost/ { SourceContext: "MassTransit", Environment: "Development" }
12:11:31 - Information - Configured endpoint "productQueue", Consumer: "PocCqrs.Aplication.MessageBroker.Consumer.ProductConsumer" { SourceContext: "MassTransit", Environment: "Development" }
12:11:32 - Information - Application started. Press Ctrl+C to shut down. { SourceContext: "Microsoft.Hosting.Lifetime", Environment: "Development" }
12:11:32 - Information - Hosting environment: "Development" { SourceContext: "Microsoft.Hosting.Lifetime", Environment: "Development" }
12:11:32 - Information - Content root path: "C:\Users\dcalcena\source\repos\PocCqrs\PocCqrs" { SourceContext: "Microsoft.Hosting.Lifetime", Environment: "Development" }
12:11:32 - Information - Bus started: rabbitmq://localhost/ { SourceContext: "MassTransit", Environment: "Development" }
12:11:57 - Information - Configured endpoint "productQueue", Consumer: "PocCqrs.Aplication.MessageBroker.Consumer.ProductConsumer" { SourceContext: "MassTransit", Environment: "Development" }
12:11:58 - Information - Application started. Press Ctrl+C to shut down. { SourceContext: "Microsoft.Hosting.Lifetime", Environment: "Development" }
12:11:58 - Information - Hosting environment: "Development" { SourceContext: "Microsoft.Hosting.Lifetime", Environment: "Development" }
12:11:58 - Information - Content root path: "C:\Users\dcalcena\source\repos\PocCqrs\PocCqrs" { SourceContext: "Microsoft.Hosting.Lifetime", Environment: "Development" }
12:11:59 - Information - Bus started: rabbitmq://localhost/ { SourceContext: "MassTransit", Environment: "Development" }
12:14:51 - Information - Configured endpoint "productQueue", Consumer: "PocCqrs.Aplication.MessageBroker.Consumer.ProductConsumer" { SourceContext: "MassTransit", Environment: "Development" }
12:14:52 - Information - Application started. Press Ctrl+C to shut down. { SourceContext: "Microsoft.Hosting.Lifetime", Environment: "Development" }
12:14:52 - Information - Hosting environment: "Development" { SourceContext: "Microsoft.Hosting.Lifetime", Environment: "Development" }
12:14:52 - Information - Content root path: "C:\Users\dcalcena\source\repos\PocCqrs\PocCqrs" { SourceContext: "Microsoft.Hosting.Lifetime", Environment: "Development" }
12:14:52 - Information - Bus started: rabbitmq://localhost/ { SourceContext: "MassTransit", Environment: "Development" }
12:16:28 - Information - Configured endpoint "productQueue", Consumer: "PocCqrs.Aplication.MessageBroker.Consumer.ProductConsumer" { SourceContext: "MassTransit", Environment: "Development" }
12:16:28 - Information - Application started. Press Ctrl+C to shut down. { SourceContext: "Microsoft.Hosting.Lifetime", Environment: "Development" }
12:16:28 - Information - Hosting environment: "Development" { SourceContext: "Microsoft.Hosting.Lifetime", Environment: "Development" }
12:16:28 - Information - Content root path: "C:\Users\dcalcena\source\repos\PocCqrs\PocCqrs" { SourceContext: "Microsoft.Hosting.Lifetime", Environment: "Development" }
12:16:29 - Information - Bus started: rabbitmq://localhost/ { SourceContext: "MassTransit", Environment: "Development" }
12:19:19 - Information - Configured endpoint "productQueue", Consumer: "PocCqrs.Aplication.MessageBroker.Consumer.ProductConsumer" { SourceContext: "MassTransit", Environment: "Development" }
12:19:20 - Information - Application started. Press Ctrl+C to shut down. { SourceContext: "Microsoft.Hosting.Lifetime", Environment: "Development" }
12:19:20 - Information - Hosting environment: "Development" { SourceContext: "Microsoft.Hosting.Lifetime", Environment: "Development" }
12:19:20 - Information - Content root path: "C:\Users\dcalcena\source\repos\PocCqrs\PocCqrs" { SourceContext: "Microsoft.Hosting.Lifetime", Environment: "Development" }
12:19:20 - Information - Bus started: rabbitmq://localhost/ { SourceContext: "MassTransit", Environment: "Development" }
12:28:29 - Information - Configured endpoint "productQueue", Consumer: "PocCqrs.Aplication.MessageBroker.Consumer.ProductConsumer" { SourceContext: "MassTransit", Environment: "Development" }
12:28:31 - Information - Application started. Press Ctrl+C to shut down. { SourceContext: "Microsoft.Hosting.Lifetime", Environment: "Development" }
12:28:31 - Information - Hosting environment: "Development" { SourceContext: "Microsoft.Hosting.Lifetime", Environment: "Development" }
12:28:31 - Information - Content root path: "C:\Users\dcalcena\source\repos\PocCqrs\PocCqrs" { SourceContext: "Microsoft.Hosting.Lifetime", Environment: "Development" }
12:28:31 - Information - Bus started: rabbitmq://localhost/ { SourceContext: "MassTransit", Environment: "Development" }
12:28:40 - Information - ProductController: {"Code":"0000"} { SourceContext: "PocCqrs.Controllers.ProductController", ActionId: "5937132d-f432-43ad-82af-dd850c7d720a", ActionName: "PocCqrs.Controllers.ProductController.Create (PocCqrs.Api)", RequestId: "4000005b-0004-fb00-b63f-84710c7967bb", RequestPath: "/Product", Environment: "Development" }
12:28:57 - Information - ProductController: {"Code":"0000"} { SourceContext: "PocCqrs.Controllers.ProductController", ActionId: "5937132d-f432-43ad-82af-dd850c7d720a", ActionName: "PocCqrs.Controllers.ProductController.Create (PocCqrs.Api)", RequestId: "4000005c-0004-fb00-b63f-84710c7967bb", RequestPath: "/Product", Environment: "Development" }
12:29:03 - Information - ProductController: {"Code":"0000"} { SourceContext: "PocCqrs.Controllers.ProductController", ActionId: "5937132d-f432-43ad-82af-dd850c7d720a", ActionName: "PocCqrs.Controllers.ProductController.Create (PocCqrs.Api)", RequestId: "4000005d-0004-fb00-b63f-84710c7967bb", RequestPath: "/Product", Environment: "Development" }
12:29:07 - Information - ProductController: {"Code":"0000"} { SourceContext: "PocCqrs.Controllers.ProductController", ActionId: "5937132d-f432-43ad-82af-dd850c7d720a", ActionName: "PocCqrs.Controllers.ProductController.Create (PocCqrs.Api)", RequestId: "4000005e-0004-fb00-b63f-84710c7967bb", RequestPath: "/Product", Environment: "Development" }
12:29:08 - Information - ProductController: {"Code":"0000"} { SourceContext: "PocCqrs.Controllers.ProductController", ActionId: "5937132d-f432-43ad-82af-dd850c7d720a", ActionName: "PocCqrs.Controllers.ProductController.Create (PocCqrs.Api)", RequestId: "4000005f-0004-fb00-b63f-84710c7967bb", RequestPath: "/Product", Environment: "Development" }
12:29:10 - Information - ProductController: {"Code":"0000"} { SourceContext: "PocCqrs.Controllers.ProductController", ActionId: "5937132d-f432-43ad-82af-dd850c7d720a", ActionName: "PocCqrs.Controllers.ProductController.Create (PocCqrs.Api)", RequestId: "40000060-0004-fb00-b63f-84710c7967bb", RequestPath: "/Product", Environment: "Development" }
12:29:10 - Information - ProductController: {"Code":"0000"} { SourceContext: "PocCqrs.Controllers.ProductController", ActionId: "5937132d-f432-43ad-82af-dd850c7d720a", ActionName: "PocCqrs.Controllers.ProductController.Create (PocCqrs.Api)", RequestId: "40000061-0004-fb00-b63f-84710c7967bb", RequestPath: "/Product", Environment: "Development" }
12:29:11 - Information - ProductController: {"Code":"0000"} { SourceContext: "PocCqrs.Controllers.ProductController", ActionId: "5937132d-f432-43ad-82af-dd850c7d720a", ActionName: "PocCqrs.Controllers.ProductController.Create (PocCqrs.Api)", RequestId: "40000062-0004-fb00-b63f-84710c7967bb", RequestPath: "/Product", Environment: "Development" }
12:29:12 - Information - ProductController: {"Code":"0000"} { SourceContext: "PocCqrs.Controllers.ProductController", ActionId: "5937132d-f432-43ad-82af-dd850c7d720a", ActionName: "PocCqrs.Controllers.ProductController.Create (PocCqrs.Api)", RequestId: "40000063-0004-fb00-b63f-84710c7967bb", RequestPath: "/Product", Environment: "Development" }
12:29:12 - Information - ProductController: {"Code":"0000"} { SourceContext: "PocCqrs.Controllers.ProductController", ActionId: "5937132d-f432-43ad-82af-dd850c7d720a", ActionName: "PocCqrs.Controllers.ProductController.Create (PocCqrs.Api)", RequestId: "40000064-0004-fb00-b63f-84710c7967bb", RequestPath: "/Product", Environment: "Development" }
12:29:13 - Information - ProductController: {"Code":"0000"} { SourceContext: "PocCqrs.Controllers.ProductController", ActionId: "5937132d-f432-43ad-82af-dd850c7d720a", ActionName: "PocCqrs.Controllers.ProductController.Create (PocCqrs.Api)", RequestId: "40000065-0004-fb00-b63f-84710c7967bb", RequestPath: "/Product", Environment: "Development" }
12:38:27 - Information - ProductController: {"Code":"0000"} { SourceContext: "PocCqrs.Controllers.ProductController", ActionId: "5937132d-f432-43ad-82af-dd850c7d720a", ActionName: "PocCqrs.Controllers.ProductController.Create (PocCqrs.Api)", RequestId: "400000bf-0005-fd00-b63f-84710c7967bb", RequestPath: "/Product", Environment: "Development" }
12:38:29 - Information - ProductController: {"Code":"0000"} { SourceContext: "PocCqrs.Controllers.ProductController", ActionId: "5937132d-f432-43ad-82af-dd850c7d720a", ActionName: "PocCqrs.Controllers.ProductController.Create (PocCqrs.Api)", RequestId: "400000c0-0005-fd00-b63f-84710c7967bb", RequestPath: "/Product", Environment: "Development" }
12:38:30 - Information - ProductController: {"Code":"0000"} { SourceContext: "PocCqrs.Controllers.ProductController", ActionId: "5937132d-f432-43ad-82af-dd850c7d720a", ActionName: "PocCqrs.Controllers.ProductController.Create (PocCqrs.Api)", RequestId: "400000c1-0005-fd00-b63f-84710c7967bb", RequestPath: "/Product", Environment: "Development" }
12:38:31 - Information - ProductController: {"Code":"0000"} { SourceContext: "PocCqrs.Controllers.ProductController", ActionId: "5937132d-f432-43ad-82af-dd850c7d720a", ActionName: "PocCqrs.Controllers.ProductController.Create (PocCqrs.Api)", RequestId: "400000c2-0005-fd00-b63f-84710c7967bb", RequestPath: "/Product", Environment: "Development" }
12:38:51 - Information - ProductController: {"Code":"0000"} { SourceContext: "PocCqrs.Controllers.ProductController", ActionId: "5937132d-f432-43ad-82af-dd850c7d720a", ActionName: "PocCqrs.Controllers.ProductController.Create (PocCqrs.Api)", RequestId: "400000c3-0005-fd00-b63f-84710c7967bb", RequestPath: "/Product", Environment: "Development" }
12:38:58 - Information - ProductController: {"Code":"0000"} { SourceContext: "PocCqrs.Controllers.ProductController", ActionId: "5937132d-f432-43ad-82af-dd850c7d720a", ActionName: "PocCqrs.Controllers.ProductController.Create (PocCqrs.Api)", RequestId: "400000c4-0005-fd00-b63f-84710c7967bb", RequestPath: "/Product", Environment: "Development" }
12:38:59 - Information - ProductController: {"Code":"0000"} { SourceContext: "PocCqrs.Controllers.ProductController", ActionId: "5937132d-f432-43ad-82af-dd850c7d720a", ActionName: "PocCqrs.Controllers.ProductController.Create (PocCqrs.Api)", RequestId: "400000c5-0005-fd00-b63f-84710c7967bb", RequestPath: "/Product", Environment: "Development" }
12:39:00 - Information - ProductController: {"Code":"0000"} { SourceContext: "PocCqrs.Controllers.ProductController", ActionId: "5937132d-f432-43ad-82af-dd850c7d720a", ActionName: "PocCqrs.Controllers.ProductController.Create (PocCqrs.Api)", RequestId: "400000c6-0005-fd00-b63f-84710c7967bb", RequestPath: "/Product", Environment: "Development" }
12:39:00 - Information - ProductController: {"Code":"0000"} { SourceContext: "PocCqrs.Controllers.ProductController", ActionId: "5937132d-f432-43ad-82af-dd850c7d720a", ActionName: "PocCqrs.Controllers.ProductController.Create (PocCqrs.Api)", RequestId: "400000c7-0005-fd00-b63f-84710c7967bb", RequestPath: "/Product", Environment: "Development" }
12:39:03 - Information - ProductController: {"Code":"0000"} { SourceContext: "PocCqrs.Controllers.ProductController", ActionId: "5937132d-f432-43ad-82af-dd850c7d720a", ActionName: "PocCqrs.Controllers.ProductController.Create (PocCqrs.Api)", RequestId: "400000c8-0005-fd00-b63f-84710c7967bb", RequestPath: "/Product", Environment: "Development" }
12:39:23 - Information - ProductController: {"Code":"0000"} { SourceContext: "PocCqrs.Controllers.ProductController", ActionId: "5937132d-f432-43ad-82af-dd850c7d720a", ActionName: "PocCqrs.Controllers.ProductController.Create (PocCqrs.Api)", RequestId: "400000c9-0005-fd00-b63f-84710c7967bb", RequestPath: "/Product", Environment: "Development" }
12:39:27 - Information - ProductController: {"Code":"0000"} { SourceContext: "PocCqrs.Controllers.ProductController", ActionId: "5937132d-f432-43ad-82af-dd850c7d720a", ActionName: "PocCqrs.Controllers.ProductController.Create (PocCqrs.Api)", RequestId: "400000ca-0005-fd00-b63f-84710c7967bb", RequestPath: "/Product", Environment: "Development" }
12:39:28 - Information - ProductController: {"Code":"0000"} { SourceContext: "PocCqrs.Controllers.ProductController", ActionId: "5937132d-f432-43ad-82af-dd850c7d720a", ActionName: "PocCqrs.Controllers.ProductController.Create (PocCqrs.Api)", RequestId: "400000cb-0005-fd00-b63f-84710c7967bb", RequestPath: "/Product", Environment: "Development" }
12:39:30 - Information - ProductController: {"Code":"0000"} { SourceContext: "PocCqrs.Controllers.ProductController", ActionId: "5937132d-f432-43ad-82af-dd850c7d720a", ActionName: "PocCqrs.Controllers.ProductController.Create (PocCqrs.Api)", RequestId: "400000cc-0005-fd00-b63f-84710c7967bb", RequestPath: "/Product", Environment: "Development" }
12:39:31 - Information - ProductController: {"Code":"0000"} { SourceContext: "PocCqrs.Controllers.ProductController", ActionId: "5937132d-f432-43ad-82af-dd850c7d720a", ActionName: "PocCqrs.Controllers.ProductController.Create (PocCqrs.Api)", RequestId: "400000cd-0005-fd00-b63f-84710c7967bb", RequestPath: "/Product", Environment: "Development" }
12:39:32 - Information - ProductController: {"Code":"0000"} { SourceContext: "PocCqrs.Controllers.ProductController", ActionId: "5937132d-f432-43ad-82af-dd850c7d720a", ActionName: "PocCqrs.Controllers.ProductController.Create (PocCqrs.Api)", RequestId: "400000ce-0005-fd00-b63f-84710c7967bb", RequestPath: "/Product", Environment: "Development" }
12:39:57 - Information - Configured endpoint "productQueue", Consumer: "PocCqrs.Aplication.MessageBroker.Consumer.ProductConsumer" { SourceContext: "MassTransit", Environment: "Development" }
12:39:58 - Information - Application started. Press Ctrl+C to shut down. { SourceContext: "Microsoft.Hosting.Lifetime", Environment: "Development" }
12:39:58 - Information - Hosting environment: "Development" { SourceContext: "Microsoft.Hosting.Lifetime", Environment: "Development" }
12:39:58 - Information - Content root path: "C:\Users\dcalcena\source\repos\PocCqrs\PocCqrs" { SourceContext: "Microsoft.Hosting.Lifetime", Environment: "Development" }
12:39:59 - Information - Bus started: rabbitmq://localhost/ { SourceContext: "MassTransit", Environment: "Development" }
12:40:39 - Information - ProductController: {"Code":null} { SourceContext: "PocCqrs.Controllers.ProductController", ActionId: "e2868b61-9f22-42e6-95ed-ed14b6d3df08", ActionName: "PocCqrs.Controllers.ProductController.Create (PocCqrs.Api)", RequestId: "40000068-0004-fb00-b63f-84710c7967bb", RequestPath: "/Product", Environment: "Development" }
12:41:02 - Information - ProductController: {"Code":null} { SourceContext: "PocCqrs.Controllers.ProductController", ActionId: "e2868b61-9f22-42e6-95ed-ed14b6d3df08", ActionName: "PocCqrs.Controllers.ProductController.Create (PocCqrs.Api)", RequestId: "4000006a-0004-fb00-b63f-84710c7967bb", RequestPath: "/Product", Environment: "Development" }
12:47:50 - Information - Configured endpoint "productQueue", Consumer: "PocCqrs.Aplication.MessageBroker.Consumer.ProductConsumer" { SourceContext: "MassTransit", Environment: "Development" }
12:47:51 - Information - Application started. Press Ctrl+C to shut down. { SourceContext: "Microsoft.Hosting.Lifetime", Environment: "Development" }
12:47:51 - Information - Hosting environment: "Development" { SourceContext: "Microsoft.Hosting.Lifetime", Environment: "Development" }
12:47:51 - Information - Content root path: "C:\Users\dcalcena\source\repos\PocCqrs\PocCqrs" { SourceContext: "Microsoft.Hosting.Lifetime", Environment: "Development" }
12:47:51 - Information - Bus started: rabbitmq://localhost/ { SourceContext: "MassTransit", Environment: "Development" }
12:48:43 - Information - Configured endpoint "productQueue", Consumer: "PocCqrs.Aplication.MessageBroker.Consumer.ProductConsumer" { SourceContext: "MassTransit", Environment: "Development" }
12:48:44 - Information - Application started. Press Ctrl+C to shut down. { SourceContext: "Microsoft.Hosting.Lifetime", Environment: "Development" }
12:48:44 - Information - Hosting environment: "Development" { SourceContext: "Microsoft.Hosting.Lifetime", Environment: "Development" }
12:48:44 - Information - Content root path: "C:\Users\dcalcena\source\repos\PocCqrs\PocCqrs" { SourceContext: "Microsoft.Hosting.Lifetime", Environment: "Development" }
12:48:44 - Information - Bus started: rabbitmq://localhost/ { SourceContext: "MassTransit", Environment: "Development" }
12:48:52 - Information - ProductController: {"Code":null} { SourceContext: "PocCqrs.Controllers.ProductController", ActionId: "c744f206-eeea-4032-8b40-15da85dd202c", ActionName: "PocCqrs.Controllers.ProductController.Create (PocCqrs.Api)", RequestId: "40000066-0002-ff00-b63f-84710c7967bb", RequestPath: "/Product", Environment: "Development" }
12:49:29 - Information - Configured endpoint "productQueue", Consumer: "PocCqrs.Aplication.MessageBroker.Consumer.ProductConsumer" { SourceContext: "MassTransit", Environment: "Development" }
12:49:30 - Information - Application started. Press Ctrl+C to shut down. { SourceContext: "Microsoft.Hosting.Lifetime", Environment: "Development" }
12:49:30 - Information - Hosting environment: "Development" { SourceContext: "Microsoft.Hosting.Lifetime", Environment: "Development" }
12:49:30 - Information - Content root path: "C:\Users\dcalcena\source\repos\PocCqrs\PocCqrs" { SourceContext: "Microsoft.Hosting.Lifetime", Environment: "Development" }
12:49:30 - Information - Bus started: rabbitmq://localhost/ { SourceContext: "MassTransit", Environment: "Development" }
12:49:35 - Warning -  "Warning:Code is mandatory" { SourceContext: "PocCqrs.Controllers.ProductController", ActionId: "4322c39b-b2ba-42b2-9593-8bdd7937e583", ActionName: "PocCqrs.Controllers.ProductController.Create (PocCqrs.Api)", RequestId: "40000051-0003-fc00-b63f-84710c7967bb", RequestPath: "/Product", Environment: "Development" }
12:52:08 - Information - Configured endpoint "productQueue", Consumer: "PocCqrs.Aplication.MessageBroker.Consumer.ProductConsumer" { SourceContext: "MassTransit", Environment: "Development" }
12:52:09 - Information - Application started. Press Ctrl+C to shut down. { SourceContext: "Microsoft.Hosting.Lifetime", Environment: "Development" }
12:52:09 - Information - Hosting environment: "Development" { SourceContext: "Microsoft.Hosting.Lifetime", Environment: "Development" }
12:52:09 - Information - Content root path: "C:\Users\dcalcena\source\repos\PocCqrs\PocCqrs" { SourceContext: "Microsoft.Hosting.Lifetime", Environment: "Development" }
12:52:10 - Information - Bus started: rabbitmq://localhost/ { SourceContext: "MassTransit", Environment: "Development" }
12:52:11 - Warning -  "Warning: Code is mandatory" { SourceContext: "PocCqrs.Controllers.ProductController", ActionId: "90e45640-5d10-40bb-8cfd-30c9de80d98f", ActionName: "PocCqrs.Controllers.ProductController.Create (PocCqrs.Api)", RequestId: "40000035-0000-fb00-b63f-84710c7967bb", RequestPath: "/Product", Environment: "Development" }
12:52:13 - Warning -  "Warning: Code is mandatory" { SourceContext: "PocCqrs.Controllers.ProductController", ActionId: "90e45640-5d10-40bb-8cfd-30c9de80d98f", ActionName: "PocCqrs.Controllers.ProductController.Create (PocCqrs.Api)", RequestId: "40000036-0000-fb00-b63f-84710c7967bb", RequestPath: "/Product", Environment: "Development" }
13:19:11 - Information - Configured endpoint "productQueue", Consumer: "PocCqrs.Aplication.MessageBroker.Consumer.ProductConsumer" { SourceContext: "MassTransit", Environment: "Development" }
13:19:12 - Information - Application started. Press Ctrl+C to shut down. { SourceContext: "Microsoft.Hosting.Lifetime", Environment: "Development" }
13:19:12 - Information - Hosting environment: "Development" { SourceContext: "Microsoft.Hosting.Lifetime", Environment: "Development" }
13:19:12 - Information - Content root path: "C:\Users\dcalcena\source\repos\PocCqrs\PocCqrs" { SourceContext: "Microsoft.Hosting.Lifetime", Environment: "Development" }
13:19:13 - Information - Bus started: rabbitmq://localhost/ { SourceContext: "MassTransit", Environment: "Development" }
