09:35:56 - Information - Configured endpoint "productQueue", Consumer: "PocCqrs.Aplication.MessageBroker.Consumer.ProductConsumer" { SourceContext: "MassTransit", Environment: "Development" }
09:35:57 - Information - Bus started: rabbitmq://localhost/ { SourceContext: "MassTransit", Environment: "Development" }
09:35:57 - Information - Application started. Press Ctrl+C to shut down. { SourceContext: "Microsoft.Hosting.Lifetime", Environment: "Development" }
09:35:57 - Information - Hosting environment: "Development" { SourceContext: "Microsoft.Hosting.Lifetime", Environment: "Development" }
09:35:57 - Information - Content root path: "C:\Users\dcalcena\source\repos\PocCqrs\PocCqrs" { SourceContext: "Microsoft.Hosting.Lifetime", Environment: "Development" }
09:37:12 - Information - Configured endpoint "productQueue", Consumer: "PocCqrs.Aplication.MessageBroker.Consumer.ProductConsumer" { SourceContext: "MassTransit", Environment: "Development" }
09:37:12 - Information - Application started. Press Ctrl+C to shut down. { SourceContext: "Microsoft.Hosting.Lifetime", Environment: "Development" }
09:37:12 - Information - Hosting environment: "Development" { SourceContext: "Microsoft.Hosting.Lifetime", Environment: "Development" }
09:37:12 - Information - Content root path: "C:\Users\dcalcena\source\repos\PocCqrs\PocCqrs" { SourceContext: "Microsoft.Hosting.Lifetime", Environment: "Development" }
09:37:13 - Information - Bus started: rabbitmq://localhost/ { SourceContext: "MassTransit", Environment: "Development" }
12:23:32 - Information - Configured endpoint "productQueue", Consumer: "PocCqrs.Aplication.MessageBroker.Consumer.ProductConsumer" { SourceContext: "MassTransit", Environment: "Development" }
12:23:33 - Information - Application started. Press Ctrl+C to shut down. { SourceContext: "Microsoft.Hosting.Lifetime", Environment: "Development" }
12:23:33 - Information - Hosting environment: "Development" { SourceContext: "Microsoft.Hosting.Lifetime", Environment: "Development" }
12:23:33 - Information - Content root path: "C:\Users\dcalcena\source\repos\PocCqrs\PocCqrs" { SourceContext: "Microsoft.Hosting.Lifetime", Environment: "Development" }
12:23:33 - Information - Bus started: rabbitmq://localhost/ { SourceContext: "MassTransit", Environment: "Development" }
12:29:31 - Information - ProductController { SourceContext: "PocCqrs.Controllers.ProductController", ActionId: "320cabff-c3b0-4346-9e1d-98c4ff82a913", ActionName: "PocCqrs.Controllers.ProductController.Create (PocCqrs.Api)", RequestId: "4000001f-0004-fb00-b63f-84710c7967bb", RequestPath: "/Product", Environment: "Development" }
12:36:34 - Information - Configured endpoint "productQueue", Consumer: "PocCqrs.Aplication.MessageBroker.Consumer.ProductConsumer" { SourceContext: "MassTransit", Environment: "Development" }
12:36:34 - Information - Application started. Press Ctrl+C to shut down. { SourceContext: "Microsoft.Hosting.Lifetime", Environment: "Development" }
12:36:34 - Information - Hosting environment: "Development" { SourceContext: "Microsoft.Hosting.Lifetime", Environment: "Development" }
12:36:34 - Information - Content root path: "C:\Users\dcalcena\source\repos\PocCqrs\PocCqrs" { SourceContext: "Microsoft.Hosting.Lifetime", Environment: "Development" }
12:36:34 - Information - Bus started: rabbitmq://localhost/ { SourceContext: "MassTransit", Environment: "Development" }
12:37:22 - Information - ProductController { SourceContext: "PocCqrs.Controllers.ProductController", ActionId: "d190c1b7-a3a9-496b-bdeb-20c9b4197715", ActionName: "PocCqrs.Controllers.ProductController.Create (PocCqrs.Api)", RequestId: "4000002c-0002-ff00-b63f-84710c7967bb", RequestPath: "/Product", Environment: "Development" }
12:38:45 - Information - ProductController { SourceContext: "PocCqrs.Controllers.ProductController", ActionId: "d190c1b7-a3a9-496b-bdeb-20c9b4197715", ActionName: "PocCqrs.Controllers.ProductController.Create (PocCqrs.Api)", RequestId: "4000002d-0002-ff00-b63f-84710c7967bb", RequestPath: "/Product", Environment: "Development" }
12:38:45 - Information - ProductController { SourceContext: "PocCqrs.Controllers.ProductController", ActionId: "d190c1b7-a3a9-496b-bdeb-20c9b4197715", ActionName: "PocCqrs.Controllers.ProductController.Create (PocCqrs.Api)", RequestId: "4000002e-0002-ff00-b63f-84710c7967bb", RequestPath: "/Product", Environment: "Development" }
12:38:45 - Information - ProductController { SourceContext: "PocCqrs.Controllers.ProductController", ActionId: "d190c1b7-a3a9-496b-bdeb-20c9b4197715", ActionName: "PocCqrs.Controllers.ProductController.Create (PocCqrs.Api)", RequestId: "4000002f-0002-ff00-b63f-84710c7967bb", RequestPath: "/Product", Environment: "Development" }
12:38:55 - Information - ProductController { SourceContext: "PocCqrs.Controllers.ProductController", ActionId: "d190c1b7-a3a9-496b-bdeb-20c9b4197715", ActionName: "PocCqrs.Controllers.ProductController.Create (PocCqrs.Api)", RequestId: "40000030-0002-ff00-b63f-84710c7967bb", RequestPath: "/Product", Environment: "Development" }
12:40:25 - Information - ProductController { SourceContext: "PocCqrs.Controllers.ProductController", ActionId: "d190c1b7-a3a9-496b-bdeb-20c9b4197715", ActionName: "PocCqrs.Controllers.ProductController.Create (PocCqrs.Api)", RequestId: "40000031-0002-ff00-b63f-84710c7967bb", RequestPath: "/Product", Environment: "Development" }
12:40:38 - Information - ProductController { SourceContext: "PocCqrs.Controllers.ProductController", ActionId: "d190c1b7-a3a9-496b-bdeb-20c9b4197715", ActionName: "PocCqrs.Controllers.ProductController.Create (PocCqrs.Api)", RequestId: "40000032-0002-ff00-b63f-84710c7967bb", RequestPath: "/Product", Environment: "Development" }
12:43:09 - Information - Configured endpoint "productQueue", Consumer: "PocCqrs.Aplication.MessageBroker.Consumer.ProductConsumer" { SourceContext: "MassTransit", Environment: "Development" }
12:43:09 - Information - Application started. Press Ctrl+C to shut down. { SourceContext: "Microsoft.Hosting.Lifetime", Environment: "Development" }
12:43:09 - Information - Hosting environment: "Development" { SourceContext: "Microsoft.Hosting.Lifetime", Environment: "Development" }
12:43:09 - Information - Content root path: "C:\Users\dcalcena\source\repos\PocCqrs\PocCqrs" { SourceContext: "Microsoft.Hosting.Lifetime", Environment: "Development" }
12:43:09 - Information - Bus started: rabbitmq://localhost/ { SourceContext: "MassTransit", Environment: "Development" }
12:47:03 - Information - ProductController: {"Code":"0921"} { SourceContext: "PocCqrs.Controllers.ProductController", ActionId: "c9b2dadd-9481-4584-a3dc-491ea144e579", ActionName: "PocCqrs.Controllers.ProductController.Create (PocCqrs.Api)", RequestId: "4000002e-0000-fd00-b63f-84710c7967bb", RequestPath: "/Product", Environment: "Development" }
13:39:29 - Information - Configured endpoint "productQueue", Consumer: "PocCqrs.Aplication.MessageBroker.Consumer.ProductConsumer" { SourceContext: "MassTransit", Environment: "Development" }
13:39:29 - Information - Application started. Press Ctrl+C to shut down. { SourceContext: "Microsoft.Hosting.Lifetime", Environment: "Development" }
13:39:29 - Information - Hosting environment: "Development" { SourceContext: "Microsoft.Hosting.Lifetime", Environment: "Development" }
13:39:29 - Information - Content root path: "C:\Users\dcalcena\source\repos\PocCqrs\PocCqrs" { SourceContext: "Microsoft.Hosting.Lifetime", Environment: "Development" }
13:39:30 - Information - Bus started: rabbitmq://localhost/ { SourceContext: "MassTransit", Environment: "Development" }
13:58:52 - Information - Configured endpoint "productQueue", Consumer: "PocCqrs.Aplication.MessageBroker.Consumer.ProductConsumer" { SourceContext: "MassTransit", Environment: "Development" }
13:58:53 - Information - Application started. Press Ctrl+C to shut down. { SourceContext: "Microsoft.Hosting.Lifetime", Environment: "Development" }
13:58:53 - Information - Hosting environment: "Development" { SourceContext: "Microsoft.Hosting.Lifetime", Environment: "Development" }
13:58:53 - Information - Content root path: "C:\Users\dcalcena\source\repos\PocCqrs\PocCqrs" { SourceContext: "Microsoft.Hosting.Lifetime", Environment: "Development" }
13:58:53 - Information - Bus started: rabbitmq://localhost/ { SourceContext: "MassTransit", Environment: "Development" }
13:59:03 - Information - ProductController: {"Code":"0921"} { SourceContext: "PocCqrs.Controllers.ProductController", ActionId: "eb5e7c45-59aa-440a-8911-15c19a083d35", ActionName: "PocCqrs.Controllers.ProductController.Create (PocCqrs.Api)", RequestId: "40000010-0004-fd00-b63f-84710c7967bb", RequestPath: "/Product", Environment: "Development" }
14:00:04 - Information - ProductController: {"Code":"0921"} { SourceContext: "PocCqrs.Controllers.ProductController", ActionId: "eb5e7c45-59aa-440a-8911-15c19a083d35", ActionName: "PocCqrs.Controllers.ProductController.Create (PocCqrs.Api)", RequestId: "40000011-0004-fd00-b63f-84710c7967bb", RequestPath: "/Product", Environment: "Development" }
14:00:05 - Information - ProductController: {"Code":"0921"} { SourceContext: "PocCqrs.Controllers.ProductController", ActionId: "eb5e7c45-59aa-440a-8911-15c19a083d35", ActionName: "PocCqrs.Controllers.ProductController.Create (PocCqrs.Api)", RequestId: "40000012-0004-fd00-b63f-84710c7967bb", RequestPath: "/Product", Environment: "Development" }
14:00:05 - Information - ProductController: {"Code":"0921"} { SourceContext: "PocCqrs.Controllers.ProductController", ActionId: "eb5e7c45-59aa-440a-8911-15c19a083d35", ActionName: "PocCqrs.Controllers.ProductController.Create (PocCqrs.Api)", RequestId: "40000013-0004-fd00-b63f-84710c7967bb", RequestPath: "/Product", Environment: "Development" }
14:00:06 - Information - ProductController: {"Code":"0921"} { SourceContext: "PocCqrs.Controllers.ProductController", ActionId: "eb5e7c45-59aa-440a-8911-15c19a083d35", ActionName: "PocCqrs.Controllers.ProductController.Create (PocCqrs.Api)", RequestId: "40000014-0004-fd00-b63f-84710c7967bb", RequestPath: "/Product", Environment: "Development" }
14:00:06 - Information - ProductController: {"Code":"0921"} { SourceContext: "PocCqrs.Controllers.ProductController", ActionId: "eb5e7c45-59aa-440a-8911-15c19a083d35", ActionName: "PocCqrs.Controllers.ProductController.Create (PocCqrs.Api)", RequestId: "40000015-0004-fd00-b63f-84710c7967bb", RequestPath: "/Product", Environment: "Development" }
14:00:07 - Information - ProductController: {"Code":"0921"} { SourceContext: "PocCqrs.Controllers.ProductController", ActionId: "eb5e7c45-59aa-440a-8911-15c19a083d35", ActionName: "PocCqrs.Controllers.ProductController.Create (PocCqrs.Api)", RequestId: "40000016-0004-fd00-b63f-84710c7967bb", RequestPath: "/Product", Environment: "Development" }
14:00:09 - Information - ProductController: {"Code":"0921"} { SourceContext: "PocCqrs.Controllers.ProductController", ActionId: "eb5e7c45-59aa-440a-8911-15c19a083d35", ActionName: "PocCqrs.Controllers.ProductController.Create (PocCqrs.Api)", RequestId: "40000017-0004-fd00-b63f-84710c7967bb", RequestPath: "/Product", Environment: "Development" }
14:00:09 - Information - ProductController: {"Code":"0921"} { SourceContext: "PocCqrs.Controllers.ProductController", ActionId: "eb5e7c45-59aa-440a-8911-15c19a083d35", ActionName: "PocCqrs.Controllers.ProductController.Create (PocCqrs.Api)", RequestId: "40000018-0004-fd00-b63f-84710c7967bb", RequestPath: "/Product", Environment: "Development" }
14:00:09 - Information - ProductController: {"Code":"0921"} { SourceContext: "PocCqrs.Controllers.ProductController", ActionId: "eb5e7c45-59aa-440a-8911-15c19a083d35", ActionName: "PocCqrs.Controllers.ProductController.Create (PocCqrs.Api)", RequestId: "40000019-0004-fd00-b63f-84710c7967bb", RequestPath: "/Product", Environment: "Development" }
14:07:20 - Information - Configured endpoint "productQueue", Consumer: "PocCqrs.Aplication.MessageBroker.Consumer.ProductConsumer" { SourceContext: "MassTransit", Environment: "Development" }
14:07:20 - Information - Application started. Press Ctrl+C to shut down. { SourceContext: "Microsoft.Hosting.Lifetime", Environment: "Development" }
14:07:20 - Information - Hosting environment: "Development" { SourceContext: "Microsoft.Hosting.Lifetime", Environment: "Development" }
14:07:20 - Information - Content root path: "C:\Users\dcalcena\source\repos\PocCqrs\PocCqrs" { SourceContext: "Microsoft.Hosting.Lifetime", Environment: "Development" }
14:07:20 - Information - Bus started: rabbitmq://localhost/ { SourceContext: "MassTransit", Environment: "Development" }
14:08:45 - Information - ProductController: {"Code":"0921"} { SourceContext: "PocCqrs.Controllers.ProductController", ActionId: "8923b71b-7a07-4ac6-8b7e-1358e6069018", ActionName: "PocCqrs.Controllers.ProductController.Create (PocCqrs.Api)", RequestId: "40000025-0004-fb00-b63f-84710c7967bb", RequestPath: "/Product", Environment: "Development" }
14:08:45 - Information - ProductController: {"Code":"0921"} { SourceContext: "PocCqrs.Controllers.ProductController", ActionId: "8923b71b-7a07-4ac6-8b7e-1358e6069018", ActionName: "PocCqrs.Controllers.ProductController.Create (PocCqrs.Api)", RequestId: "40000026-0004-fb00-b63f-84710c7967bb", RequestPath: "/Product", Environment: "Development" }
14:08:46 - Information - ProductController: {"Code":"0921"} { SourceContext: "PocCqrs.Controllers.ProductController", ActionId: "8923b71b-7a07-4ac6-8b7e-1358e6069018", ActionName: "PocCqrs.Controllers.ProductController.Create (PocCqrs.Api)", RequestId: "40000027-0004-fb00-b63f-84710c7967bb", RequestPath: "/Product", Environment: "Development" }
14:08:46 - Information - ProductController: {"Code":"0921"} { SourceContext: "PocCqrs.Controllers.ProductController", ActionId: "8923b71b-7a07-4ac6-8b7e-1358e6069018", ActionName: "PocCqrs.Controllers.ProductController.Create (PocCqrs.Api)", RequestId: "40000028-0004-fb00-b63f-84710c7967bb", RequestPath: "/Product", Environment: "Development" }
15:01:58 - Information - ProductController: {"Code":"0921"} { SourceContext: "PocCqrs.Controllers.ProductController", ActionId: "8923b71b-7a07-4ac6-8b7e-1358e6069018", ActionName: "PocCqrs.Controllers.ProductController.Create (PocCqrs.Api)", RequestId: "40000041-0001-fe00-b63f-84710c7967bb", RequestPath: "/Product", Environment: "Development" }
15:01:59 - Information - ProductController: {"Code":"0921"} { SourceContext: "PocCqrs.Controllers.ProductController", ActionId: "8923b71b-7a07-4ac6-8b7e-1358e6069018", ActionName: "PocCqrs.Controllers.ProductController.Create (PocCqrs.Api)", RequestId: "40000042-0001-fe00-b63f-84710c7967bb", RequestPath: "/Product", Environment: "Development" }
15:02:00 - Information - ProductController: {"Code":"0921"} { SourceContext: "PocCqrs.Controllers.ProductController", ActionId: "8923b71b-7a07-4ac6-8b7e-1358e6069018", ActionName: "PocCqrs.Controllers.ProductController.Create (PocCqrs.Api)", RequestId: "40000043-0001-fe00-b63f-84710c7967bb", RequestPath: "/Product", Environment: "Development" }
15:02:00 - Information - ProductController: {"Code":"0921"} { SourceContext: "PocCqrs.Controllers.ProductController", ActionId: "8923b71b-7a07-4ac6-8b7e-1358e6069018", ActionName: "PocCqrs.Controllers.ProductController.Create (PocCqrs.Api)", RequestId: "40000044-0001-fe00-b63f-84710c7967bb", RequestPath: "/Product", Environment: "Development" }
15:02:01 - Information - ProductController: {"Code":"0921"} { SourceContext: "PocCqrs.Controllers.ProductController", ActionId: "8923b71b-7a07-4ac6-8b7e-1358e6069018", ActionName: "PocCqrs.Controllers.ProductController.Create (PocCqrs.Api)", RequestId: "40000045-0001-fe00-b63f-84710c7967bb", RequestPath: "/Product", Environment: "Development" }
15:02:16 - Information - ProductController: {"Code":"0921"} { SourceContext: "PocCqrs.Controllers.ProductController", ActionId: "8923b71b-7a07-4ac6-8b7e-1358e6069018", ActionName: "PocCqrs.Controllers.ProductController.Create (PocCqrs.Api)", RequestId: "40000046-0001-fe00-b63f-84710c7967bb", RequestPath: "/Product", Environment: "Development" }
15:11:45 - Information - Configured endpoint "productQueue", Consumer: "PocCqrs.Aplication.MessageBroker.Consumer.ProductConsumer" { SourceContext: "MassTransit", Environment: "Development" }
15:11:46 - Information - Application started. Press Ctrl+C to shut down. { SourceContext: "Microsoft.Hosting.Lifetime", Environment: "Development" }
15:11:46 - Information - Hosting environment: "Development" { SourceContext: "Microsoft.Hosting.Lifetime", Environment: "Development" }
15:11:46 - Information - Content root path: "C:\Users\dcalcena\source\repos\PocCqrs\PocCqrs" { SourceContext: "Microsoft.Hosting.Lifetime", Environment: "Development" }
15:11:46 - Information - Bus started: rabbitmq://localhost/ { SourceContext: "MassTransit", Environment: "Development" }
15:11:48 - Information - ProductController: {"Code":"0921"} { SourceContext: "PocCqrs.Controllers.ProductController", ActionId: "aea86210-5192-4609-ae22-ceb98e91168c", ActionName: "PocCqrs.Controllers.ProductController.Create (PocCqrs.Api)", RequestId: "40000038-0002-ff00-b63f-84710c7967bb", RequestPath: "/Product", Environment: "Development" }
15:11:49 - Information - ProductController: {"Code":"0921"} { SourceContext: "PocCqrs.Controllers.ProductController", ActionId: "aea86210-5192-4609-ae22-ceb98e91168c", ActionName: "PocCqrs.Controllers.ProductController.Create (PocCqrs.Api)", RequestId: "40000039-0002-ff00-b63f-84710c7967bb", RequestPath: "/Product", Environment: "Development" }
15:11:50 - Information - ProductController: {"Code":"0921"} { SourceContext: "PocCqrs.Controllers.ProductController", ActionId: "aea86210-5192-4609-ae22-ceb98e91168c", ActionName: "PocCqrs.Controllers.ProductController.Create (PocCqrs.Api)", RequestId: "4000003a-0002-ff00-b63f-84710c7967bb", RequestPath: "/Product", Environment: "Development" }
15:13:52 - Information - Configured endpoint "productQueue", Consumer: "PocCqrs.Aplication.MessageBroker.Consumer.ProductConsumer" { SourceContext: "MassTransit", Environment: "Development" }
15:13:53 - Information - Application started. Press Ctrl+C to shut down. { SourceContext: "Microsoft.Hosting.Lifetime", Environment: "Development" }
15:13:53 - Information - Hosting environment: "Development" { SourceContext: "Microsoft.Hosting.Lifetime", Environment: "Development" }
15:13:53 - Information - Content root path: "C:\Users\dcalcena\source\repos\PocCqrs\PocCqrs" { SourceContext: "Microsoft.Hosting.Lifetime", Environment: "Development" }
15:13:53 - Information - Bus started: rabbitmq://localhost/ { SourceContext: "MassTransit", Environment: "Development" }
15:14:09 - Information - ProductController: {"Code":"0921"} { SourceContext: "PocCqrs.Controllers.ProductController", ActionId: "b5a479fc-5f7f-4bdf-87db-1cfe084777ba", ActionName: "PocCqrs.Controllers.ProductController.Create (PocCqrs.Api)", RequestId: "4000001d-0005-fd00-b63f-84710c7967bb", RequestPath: "/Product", Environment: "Development" }
15:14:09 - Information - ProductController: {"Code":"0921"} { SourceContext: "PocCqrs.Controllers.ProductController", ActionId: "b5a479fc-5f7f-4bdf-87db-1cfe084777ba", ActionName: "PocCqrs.Controllers.ProductController.Create (PocCqrs.Api)", RequestId: "4000001e-0005-fd00-b63f-84710c7967bb", RequestPath: "/Product", Environment: "Development" }
15:14:58 - Information - Configured endpoint "productQueue", Consumer: "PocCqrs.Aplication.MessageBroker.Consumer.ProductConsumer" { SourceContext: "MassTransit", Environment: "Development" }
15:14:58 - Information - Application started. Press Ctrl+C to shut down. { SourceContext: "Microsoft.Hosting.Lifetime", Environment: "Development" }
15:14:58 - Information - Hosting environment: "Development" { SourceContext: "Microsoft.Hosting.Lifetime", Environment: "Development" }
15:14:58 - Information - Content root path: "C:\Users\dcalcena\source\repos\PocCqrs\PocCqrs" { SourceContext: "Microsoft.Hosting.Lifetime", Environment: "Development" }
15:14:58 - Information - Bus started: rabbitmq://localhost/ { SourceContext: "MassTransit", Environment: "Development" }
15:15:17 - Information - ProductController: {"Code":"0921"} { SourceContext: "PocCqrs.Controllers.ProductController", ActionId: "c25a78fd-58cd-4feb-8423-9d81d8f2f005", ActionName: "PocCqrs.Controllers.ProductController.Create (PocCqrs.Api)", RequestId: "40000020-0005-fd00-b63f-84710c7967bb", RequestPath: "/Product", Environment: "Development" }
15:15:17 - Information - ProductController: {"Code":"0921"} { SourceContext: "PocCqrs.Controllers.ProductController", ActionId: "c25a78fd-58cd-4feb-8423-9d81d8f2f005", ActionName: "PocCqrs.Controllers.ProductController.Create (PocCqrs.Api)", RequestId: "40000021-0005-fd00-b63f-84710c7967bb", RequestPath: "/Product", Environment: "Development" }
15:15:49 - Information - Configured endpoint "productQueue", Consumer: "PocCqrs.Aplication.MessageBroker.Consumer.ProductConsumer" { SourceContext: "MassTransit", Environment: "Development" }
15:15:50 - Information - Application started. Press Ctrl+C to shut down. { SourceContext: "Microsoft.Hosting.Lifetime", Environment: "Development" }
15:15:50 - Information - Hosting environment: "Development" { SourceContext: "Microsoft.Hosting.Lifetime", Environment: "Development" }
15:15:50 - Information - Content root path: "C:\Users\dcalcena\source\repos\PocCqrs\PocCqrs" { SourceContext: "Microsoft.Hosting.Lifetime", Environment: "Development" }
15:15:50 - Information - Bus started: rabbitmq://localhost/ { SourceContext: "MassTransit", Environment: "Development" }
15:16:07 - Information - ProductController: {"Code":"0921"} { SourceContext: "PocCqrs.Controllers.ProductController", ActionId: "9bb8271f-0431-41c2-871a-08732c8df4de", ActionName: "PocCqrs.Controllers.ProductController.Create (PocCqrs.Api)", RequestId: "4000000b-0006-fe00-b63f-84710c7967bb", RequestPath: "/Product", Environment: "Development" }
15:16:07 - Information - ProductController: {"Code":"0921"} { SourceContext: "PocCqrs.Controllers.ProductController", ActionId: "9bb8271f-0431-41c2-871a-08732c8df4de", ActionName: "PocCqrs.Controllers.ProductController.Create (PocCqrs.Api)", RequestId: "4000000c-0006-fe00-b63f-84710c7967bb", RequestPath: "/Product", Environment: "Development" }
15:16:08 - Information - ProductController: {"Code":"0921"} { SourceContext: "PocCqrs.Controllers.ProductController", ActionId: "9bb8271f-0431-41c2-871a-08732c8df4de", ActionName: "PocCqrs.Controllers.ProductController.Create (PocCqrs.Api)", RequestId: "4000000d-0006-fe00-b63f-84710c7967bb", RequestPath: "/Product", Environment: "Development" }
15:16:09 - Information - ProductController: {"Code":"0921"} { SourceContext: "PocCqrs.Controllers.ProductController", ActionId: "9bb8271f-0431-41c2-871a-08732c8df4de", ActionName: "PocCqrs.Controllers.ProductController.Create (PocCqrs.Api)", RequestId: "4000000e-0006-fe00-b63f-84710c7967bb", RequestPath: "/Product", Environment: "Development" }
15:17:49 - Information - Configured endpoint "productQueue", Consumer: "PocCqrs.Aplication.MessageBroker.Consumer.ProductConsumer" { SourceContext: "MassTransit", Environment: "Development" }
15:17:50 - Information - Application started. Press Ctrl+C to shut down. { SourceContext: "Microsoft.Hosting.Lifetime", Environment: "Development" }
15:17:50 - Information - Hosting environment: "Development" { SourceContext: "Microsoft.Hosting.Lifetime", Environment: "Development" }
15:17:50 - Information - Content root path: "C:\Users\dcalcena\source\repos\PocCqrs\PocCqrs" { SourceContext: "Microsoft.Hosting.Lifetime", Environment: "Development" }
15:17:50 - Information - Bus started: rabbitmq://localhost/ { SourceContext: "MassTransit", Environment: "Development" }
15:18:30 - Information - Configured endpoint "productQueue", Consumer: "PocCqrs.Aplication.MessageBroker.Consumer.ProductConsumer" { SourceContext: "MassTransit", Environment: "Development" }
15:18:31 - Information - Application started. Press Ctrl+C to shut down. { SourceContext: "Microsoft.Hosting.Lifetime", Environment: "Development" }
15:18:31 - Information - Hosting environment: "Development" { SourceContext: "Microsoft.Hosting.Lifetime", Environment: "Development" }
15:18:31 - Information - Content root path: "C:\Users\dcalcena\source\repos\PocCqrs\PocCqrs" { SourceContext: "Microsoft.Hosting.Lifetime", Environment: "Development" }
15:18:31 - Information - Bus started: rabbitmq://localhost/ { SourceContext: "MassTransit", Environment: "Development" }
15:18:38 - Information - ProductController: {"Code":"0921"} { SourceContext: "PocCqrs.Controllers.ProductController", ActionId: "d5b6feff-5b96-46d8-a82c-df723020557a", ActionName: "PocCqrs.Controllers.ProductController.Create (PocCqrs.Api)", RequestId: "40000021-0001-ff00-b63f-84710c7967bb", RequestPath: "/Product", Environment: "Development" }
15:18:38 - Information - ProductController: {"Code":"0921"} { SourceContext: "PocCqrs.Controllers.ProductController", ActionId: "d5b6feff-5b96-46d8-a82c-df723020557a", ActionName: "PocCqrs.Controllers.ProductController.Create (PocCqrs.Api)", RequestId: "40000022-0001-ff00-b63f-84710c7967bb", RequestPath: "/Product", Environment: "Development" }
15:18:39 - Information - ProductController: {"Code":"0921"} { SourceContext: "PocCqrs.Controllers.ProductController", ActionId: "d5b6feff-5b96-46d8-a82c-df723020557a", ActionName: "PocCqrs.Controllers.ProductController.Create (PocCqrs.Api)", RequestId: "40000023-0001-ff00-b63f-84710c7967bb", RequestPath: "/Product", Environment: "Development" }
15:19:42 - Information - Configured endpoint "productQueue", Consumer: "PocCqrs.Aplication.MessageBroker.Consumer.ProductConsumer" { SourceContext: "MassTransit", Environment: "Development" }
15:19:42 - Information - Application started. Press Ctrl+C to shut down. { SourceContext: "Microsoft.Hosting.Lifetime", Environment: "Development" }
15:19:42 - Information - Hosting environment: "Development" { SourceContext: "Microsoft.Hosting.Lifetime", Environment: "Development" }
15:19:42 - Information - Content root path: "C:\Users\dcalcena\source\repos\PocCqrs\PocCqrs" { SourceContext: "Microsoft.Hosting.Lifetime", Environment: "Development" }
15:19:42 - Information - Bus started: rabbitmq://localhost/ { SourceContext: "MassTransit", Environment: "Development" }
15:22:29 - Information - ProductController: {"Code":"0921"} { SourceContext: "PocCqrs.Controllers.ProductController", ActionId: "e5e020e6-2e93-4f00-b4f9-a001e43a7258", ActionName: "PocCqrs.Controllers.ProductController.Create (PocCqrs.Api)", RequestId: "4000002c-0004-fb00-b63f-84710c7967bb", RequestPath: "/Product", Environment: "Development" }
15:22:30 - Information - ProductController: {"Code":"0921"} { SourceContext: "PocCqrs.Controllers.ProductController", ActionId: "e5e020e6-2e93-4f00-b4f9-a001e43a7258", ActionName: "PocCqrs.Controllers.ProductController.Create (PocCqrs.Api)", RequestId: "4000002d-0004-fb00-b63f-84710c7967bb", RequestPath: "/Product", Environment: "Development" }
15:22:31 - Information - ProductController: {"Code":"0921"} { SourceContext: "PocCqrs.Controllers.ProductController", ActionId: "e5e020e6-2e93-4f00-b4f9-a001e43a7258", ActionName: "PocCqrs.Controllers.ProductController.Create (PocCqrs.Api)", RequestId: "4000002e-0004-fb00-b63f-84710c7967bb", RequestPath: "/Product", Environment: "Development" }
15:22:31 - Information - ProductController: {"Code":"0921"} { SourceContext: "PocCqrs.Controllers.ProductController", ActionId: "e5e020e6-2e93-4f00-b4f9-a001e43a7258", ActionName: "PocCqrs.Controllers.ProductController.Create (PocCqrs.Api)", RequestId: "4000002f-0004-fb00-b63f-84710c7967bb", RequestPath: "/Product", Environment: "Development" }
15:22:33 - Information - ProductController: {"Code":"0921"} { SourceContext: "PocCqrs.Controllers.ProductController", ActionId: "e5e020e6-2e93-4f00-b4f9-a001e43a7258", ActionName: "PocCqrs.Controllers.ProductController.Create (PocCqrs.Api)", RequestId: "40000030-0004-fb00-b63f-84710c7967bb", RequestPath: "/Product", Environment: "Development" }
15:22:42 - Information - ProductController: {"Code":"0921"} { SourceContext: "PocCqrs.Controllers.ProductController", ActionId: "e5e020e6-2e93-4f00-b4f9-a001e43a7258", ActionName: "PocCqrs.Controllers.ProductController.Create (PocCqrs.Api)", RequestId: "40000031-0004-fb00-b63f-84710c7967bb", RequestPath: "/Product", Environment: "Development" }
15:22:42 - Information - ProductController: {"Code":"0921"} { SourceContext: "PocCqrs.Controllers.ProductController", ActionId: "e5e020e6-2e93-4f00-b4f9-a001e43a7258", ActionName: "PocCqrs.Controllers.ProductController.Create (PocCqrs.Api)", RequestId: "40000032-0004-fb00-b63f-84710c7967bb", RequestPath: "/Product", Environment: "Development" }
15:23:02 - Information - ProductController: {"Code":"0921"} { SourceContext: "PocCqrs.Controllers.ProductController", ActionId: "e5e020e6-2e93-4f00-b4f9-a001e43a7258", ActionName: "PocCqrs.Controllers.ProductController.Create (PocCqrs.Api)", RequestId: "40000033-0004-fb00-b63f-84710c7967bb", RequestPath: "/Product", Environment: "Development" }
15:23:05 - Information - ProductController: {"Code":"0921"} { SourceContext: "PocCqrs.Controllers.ProductController", ActionId: "e5e020e6-2e93-4f00-b4f9-a001e43a7258", ActionName: "PocCqrs.Controllers.ProductController.Create (PocCqrs.Api)", RequestId: "40000034-0004-fb00-b63f-84710c7967bb", RequestPath: "/Product", Environment: "Development" }
15:23:06 - Information - ProductController: {"Code":"0921"} { SourceContext: "PocCqrs.Controllers.ProductController", ActionId: "e5e020e6-2e93-4f00-b4f9-a001e43a7258", ActionName: "PocCqrs.Controllers.ProductController.Create (PocCqrs.Api)", RequestId: "40000035-0004-fb00-b63f-84710c7967bb", RequestPath: "/Product", Environment: "Development" }
15:23:06 - Information - ProductController: {"Code":"0921"} { SourceContext: "PocCqrs.Controllers.ProductController", ActionId: "e5e020e6-2e93-4f00-b4f9-a001e43a7258", ActionName: "PocCqrs.Controllers.ProductController.Create (PocCqrs.Api)", RequestId: "40000036-0004-fb00-b63f-84710c7967bb", RequestPath: "/Product", Environment: "Development" }
15:23:07 - Information - ProductController: {"Code":"0921"} { SourceContext: "PocCqrs.Controllers.ProductController", ActionId: "e5e020e6-2e93-4f00-b4f9-a001e43a7258", ActionName: "PocCqrs.Controllers.ProductController.Create (PocCqrs.Api)", RequestId: "40000037-0004-fb00-b63f-84710c7967bb", RequestPath: "/Product", Environment: "Development" }
15:23:07 - Information - ProductController: {"Code":"0921"} { SourceContext: "PocCqrs.Controllers.ProductController", ActionId: "e5e020e6-2e93-4f00-b4f9-a001e43a7258", ActionName: "PocCqrs.Controllers.ProductController.Create (PocCqrs.Api)", RequestId: "40000038-0004-fb00-b63f-84710c7967bb", RequestPath: "/Product", Environment: "Development" }
15:23:08 - Information - ProductController: {"Code":"0921"} { SourceContext: "PocCqrs.Controllers.ProductController", ActionId: "e5e020e6-2e93-4f00-b4f9-a001e43a7258", ActionName: "PocCqrs.Controllers.ProductController.Create (PocCqrs.Api)", RequestId: "40000039-0004-fb00-b63f-84710c7967bb", RequestPath: "/Product", Environment: "Development" }
15:23:08 - Information - ProductController: {"Code":"0921"} { SourceContext: "PocCqrs.Controllers.ProductController", ActionId: "e5e020e6-2e93-4f00-b4f9-a001e43a7258", ActionName: "PocCqrs.Controllers.ProductController.Create (PocCqrs.Api)", RequestId: "4000003a-0004-fb00-b63f-84710c7967bb", RequestPath: "/Product", Environment: "Development" }
15:23:09 - Information - ProductController: {"Code":"0921"} { SourceContext: "PocCqrs.Controllers.ProductController", ActionId: "e5e020e6-2e93-4f00-b4f9-a001e43a7258", ActionName: "PocCqrs.Controllers.ProductController.Create (PocCqrs.Api)", RequestId: "4000003b-0004-fb00-b63f-84710c7967bb", RequestPath: "/Product", Environment: "Development" }
15:23:11 - Information - ProductController: {"Code":"0921"} { SourceContext: "PocCqrs.Controllers.ProductController", ActionId: "e5e020e6-2e93-4f00-b4f9-a001e43a7258", ActionName: "PocCqrs.Controllers.ProductController.Create (PocCqrs.Api)", RequestId: "4000003c-0004-fb00-b63f-84710c7967bb", RequestPath: "/Product", Environment: "Development" }
15:23:12 - Information - ProductController: {"Code":"0921"} { SourceContext: "PocCqrs.Controllers.ProductController", ActionId: "e5e020e6-2e93-4f00-b4f9-a001e43a7258", ActionName: "PocCqrs.Controllers.ProductController.Create (PocCqrs.Api)", RequestId: "4000003d-0004-fb00-b63f-84710c7967bb", RequestPath: "/Product", Environment: "Development" }
15:23:12 - Information - ProductController: {"Code":"0921"} { SourceContext: "PocCqrs.Controllers.ProductController", ActionId: "e5e020e6-2e93-4f00-b4f9-a001e43a7258", ActionName: "PocCqrs.Controllers.ProductController.Create (PocCqrs.Api)", RequestId: "4000003e-0004-fb00-b63f-84710c7967bb", RequestPath: "/Product", Environment: "Development" }
15:23:13 - Information - ProductController: {"Code":"0921"} { SourceContext: "PocCqrs.Controllers.ProductController", ActionId: "e5e020e6-2e93-4f00-b4f9-a001e43a7258", ActionName: "PocCqrs.Controllers.ProductController.Create (PocCqrs.Api)", RequestId: "4000003f-0004-fb00-b63f-84710c7967bb", RequestPath: "/Product", Environment: "Development" }
15:23:14 - Information - ProductController: {"Code":"0921"} { SourceContext: "PocCqrs.Controllers.ProductController", ActionId: "e5e020e6-2e93-4f00-b4f9-a001e43a7258", ActionName: "PocCqrs.Controllers.ProductController.Create (PocCqrs.Api)", RequestId: "40000040-0004-fb00-b63f-84710c7967bb", RequestPath: "/Product", Environment: "Development" }
15:23:14 - Information - ProductController: {"Code":"0921"} { SourceContext: "PocCqrs.Controllers.ProductController", ActionId: "e5e020e6-2e93-4f00-b4f9-a001e43a7258", ActionName: "PocCqrs.Controllers.ProductController.Create (PocCqrs.Api)", RequestId: "40000041-0004-fb00-b63f-84710c7967bb", RequestPath: "/Product", Environment: "Development" }
15:26:30 - Information - ProductController: {"Code":"0921"} { SourceContext: "PocCqrs.Controllers.ProductController", ActionId: "e5e020e6-2e93-4f00-b4f9-a001e43a7258", ActionName: "PocCqrs.Controllers.ProductController.Create (PocCqrs.Api)", RequestId: "40000027-0005-fd00-b63f-84710c7967bb", RequestPath: "/Product", Environment: "Development" }
15:26:30 - Information - ProductController: {"Code":"0921"} { SourceContext: "PocCqrs.Controllers.ProductController", ActionId: "e5e020e6-2e93-4f00-b4f9-a001e43a7258", ActionName: "PocCqrs.Controllers.ProductController.Create (PocCqrs.Api)", RequestId: "40000028-0005-fd00-b63f-84710c7967bb", RequestPath: "/Product", Environment: "Development" }
15:26:31 - Information - ProductController: {"Code":"0921"} { SourceContext: "PocCqrs.Controllers.ProductController", ActionId: "e5e020e6-2e93-4f00-b4f9-a001e43a7258", ActionName: "PocCqrs.Controllers.ProductController.Create (PocCqrs.Api)", RequestId: "40000029-0005-fd00-b63f-84710c7967bb", RequestPath: "/Product", Environment: "Development" }
15:26:31 - Information - ProductController: {"Code":"0921"} { SourceContext: "PocCqrs.Controllers.ProductController", ActionId: "e5e020e6-2e93-4f00-b4f9-a001e43a7258", ActionName: "PocCqrs.Controllers.ProductController.Create (PocCqrs.Api)", RequestId: "4000002a-0005-fd00-b63f-84710c7967bb", RequestPath: "/Product", Environment: "Development" }
15:26:31 - Information - ProductController: {"Code":"0921"} { SourceContext: "PocCqrs.Controllers.ProductController", ActionId: "e5e020e6-2e93-4f00-b4f9-a001e43a7258", ActionName: "PocCqrs.Controllers.ProductController.Create (PocCqrs.Api)", RequestId: "4000002b-0005-fd00-b63f-84710c7967bb", RequestPath: "/Product", Environment: "Development" }
15:26:31 - Information - ProductController: {"Code":"0921"} { SourceContext: "PocCqrs.Controllers.ProductController", ActionId: "e5e020e6-2e93-4f00-b4f9-a001e43a7258", ActionName: "PocCqrs.Controllers.ProductController.Create (PocCqrs.Api)", RequestId: "4000002c-0005-fd00-b63f-84710c7967bb", RequestPath: "/Product", Environment: "Development" }
15:26:31 - Information - ProductController: {"Code":"0921"} { SourceContext: "PocCqrs.Controllers.ProductController", ActionId: "e5e020e6-2e93-4f00-b4f9-a001e43a7258", ActionName: "PocCqrs.Controllers.ProductController.Create (PocCqrs.Api)", RequestId: "4000002d-0005-fd00-b63f-84710c7967bb", RequestPath: "/Product", Environment: "Development" }
15:26:31 - Information - ProductController: {"Code":"0921"} { SourceContext: "PocCqrs.Controllers.ProductController", ActionId: "e5e020e6-2e93-4f00-b4f9-a001e43a7258", ActionName: "PocCqrs.Controllers.ProductController.Create (PocCqrs.Api)", RequestId: "4000002e-0005-fd00-b63f-84710c7967bb", RequestPath: "/Product", Environment: "Development" }
15:26:31 - Information - ProductController: {"Code":"0921"} { SourceContext: "PocCqrs.Controllers.ProductController", ActionId: "e5e020e6-2e93-4f00-b4f9-a001e43a7258", ActionName: "PocCqrs.Controllers.ProductController.Create (PocCqrs.Api)", RequestId: "4000002f-0005-fd00-b63f-84710c7967bb", RequestPath: "/Product", Environment: "Development" }
15:26:32 - Information - ProductController: {"Code":"0921"} { SourceContext: "PocCqrs.Controllers.ProductController", ActionId: "e5e020e6-2e93-4f00-b4f9-a001e43a7258", ActionName: "PocCqrs.Controllers.ProductController.Create (PocCqrs.Api)", RequestId: "40000030-0005-fd00-b63f-84710c7967bb", RequestPath: "/Product", Environment: "Development" }
15:26:32 - Information - ProductController: {"Code":"0921"} { SourceContext: "PocCqrs.Controllers.ProductController", ActionId: "e5e020e6-2e93-4f00-b4f9-a001e43a7258", ActionName: "PocCqrs.Controllers.ProductController.Create (PocCqrs.Api)", RequestId: "40000031-0005-fd00-b63f-84710c7967bb", RequestPath: "/Product", Environment: "Development" }
15:26:32 - Information - ProductController: {"Code":"0921"} { SourceContext: "PocCqrs.Controllers.ProductController", ActionId: "e5e020e6-2e93-4f00-b4f9-a001e43a7258", ActionName: "PocCqrs.Controllers.ProductController.Create (PocCqrs.Api)", RequestId: "40000032-0005-fd00-b63f-84710c7967bb", RequestPath: "/Product", Environment: "Development" }
15:26:32 - Information - ProductController: {"Code":"0921"} { SourceContext: "PocCqrs.Controllers.ProductController", ActionId: "e5e020e6-2e93-4f00-b4f9-a001e43a7258", ActionName: "PocCqrs.Controllers.ProductController.Create (PocCqrs.Api)", RequestId: "40000033-0005-fd00-b63f-84710c7967bb", RequestPath: "/Product", Environment: "Development" }
15:26:32 - Information - ProductController: {"Code":"0921"} { SourceContext: "PocCqrs.Controllers.ProductController", ActionId: "e5e020e6-2e93-4f00-b4f9-a001e43a7258", ActionName: "PocCqrs.Controllers.ProductController.Create (PocCqrs.Api)", RequestId: "40000034-0005-fd00-b63f-84710c7967bb", RequestPath: "/Product", Environment: "Development" }
15:26:32 - Information - ProductController: {"Code":"0921"} { SourceContext: "PocCqrs.Controllers.ProductController", ActionId: "e5e020e6-2e93-4f00-b4f9-a001e43a7258", ActionName: "PocCqrs.Controllers.ProductController.Create (PocCqrs.Api)", RequestId: "40000035-0005-fd00-b63f-84710c7967bb", RequestPath: "/Product", Environment: "Development" }
15:26:32 - Information - ProductController: {"Code":"0921"} { SourceContext: "PocCqrs.Controllers.ProductController", ActionId: "e5e020e6-2e93-4f00-b4f9-a001e43a7258", ActionName: "PocCqrs.Controllers.ProductController.Create (PocCqrs.Api)", RequestId: "40000036-0005-fd00-b63f-84710c7967bb", RequestPath: "/Product", Environment: "Development" }
15:26:33 - Information - ProductController: {"Code":"0921"} { SourceContext: "PocCqrs.Controllers.ProductController", ActionId: "e5e020e6-2e93-4f00-b4f9-a001e43a7258", ActionName: "PocCqrs.Controllers.ProductController.Create (PocCqrs.Api)", RequestId: "40000037-0005-fd00-b63f-84710c7967bb", RequestPath: "/Product", Environment: "Development" }
15:26:33 - Information - ProductController: {"Code":"0921"} { SourceContext: "PocCqrs.Controllers.ProductController", ActionId: "e5e020e6-2e93-4f00-b4f9-a001e43a7258", ActionName: "PocCqrs.Controllers.ProductController.Create (PocCqrs.Api)", RequestId: "40000038-0005-fd00-b63f-84710c7967bb", RequestPath: "/Product", Environment: "Development" }
15:26:33 - Information - ProductController: {"Code":"0921"} { SourceContext: "PocCqrs.Controllers.ProductController", ActionId: "e5e020e6-2e93-4f00-b4f9-a001e43a7258", ActionName: "PocCqrs.Controllers.ProductController.Create (PocCqrs.Api)", RequestId: "40000039-0005-fd00-b63f-84710c7967bb", RequestPath: "/Product", Environment: "Development" }
15:26:33 - Information - ProductController: {"Code":"0921"} { SourceContext: "PocCqrs.Controllers.ProductController", ActionId: "e5e020e6-2e93-4f00-b4f9-a001e43a7258", ActionName: "PocCqrs.Controllers.ProductController.Create (PocCqrs.Api)", RequestId: "4000003a-0005-fd00-b63f-84710c7967bb", RequestPath: "/Product", Environment: "Development" }
15:27:30 - Information - ProductController: {"Code":"0921"} { SourceContext: "PocCqrs.Controllers.ProductController", ActionId: "e5e020e6-2e93-4f00-b4f9-a001e43a7258", ActionName: "PocCqrs.Controllers.ProductController.Create (PocCqrs.Api)", RequestId: "4000003b-0005-fd00-b63f-84710c7967bb", RequestPath: "/Product", Environment: "Development" }
15:27:40 - Information - ProductController: {"Code":"0921"} { SourceContext: "PocCqrs.Controllers.ProductController", ActionId: "e5e020e6-2e93-4f00-b4f9-a001e43a7258", ActionName: "PocCqrs.Controllers.ProductController.Create (PocCqrs.Api)", RequestId: "4000003c-0005-fd00-b63f-84710c7967bb", RequestPath: "/Product", Environment: "Development" }
15:27:50 - Information - ProductController: {"Code":"0921"} { SourceContext: "PocCqrs.Controllers.ProductController", ActionId: "e5e020e6-2e93-4f00-b4f9-a001e43a7258", ActionName: "PocCqrs.Controllers.ProductController.Create (PocCqrs.Api)", RequestId: "4000003d-0005-fd00-b63f-84710c7967bb", RequestPath: "/Product", Environment: "Development" }
15:28:00 - Information - ProductController: {"Code":"0921"} { SourceContext: "PocCqrs.Controllers.ProductController", ActionId: "e5e020e6-2e93-4f00-b4f9-a001e43a7258", ActionName: "PocCqrs.Controllers.ProductController.Create (PocCqrs.Api)", RequestId: "4000003e-0005-fd00-b63f-84710c7967bb", RequestPath: "/Product", Environment: "Development" }
15:28:10 - Information - ProductController: {"Code":"0921"} { SourceContext: "PocCqrs.Controllers.ProductController", ActionId: "e5e020e6-2e93-4f00-b4f9-a001e43a7258", ActionName: "PocCqrs.Controllers.ProductController.Create (PocCqrs.Api)", RequestId: "4000003f-0005-fd00-b63f-84710c7967bb", RequestPath: "/Product", Environment: "Development" }
15:28:20 - Information - ProductController: {"Code":"0921"} { SourceContext: "PocCqrs.Controllers.ProductController", ActionId: "e5e020e6-2e93-4f00-b4f9-a001e43a7258", ActionName: "PocCqrs.Controllers.ProductController.Create (PocCqrs.Api)", RequestId: "40000040-0005-fd00-b63f-84710c7967bb", RequestPath: "/Product", Environment: "Development" }
15:28:31 - Information - ProductController: {"Code":"0921"} { SourceContext: "PocCqrs.Controllers.ProductController", ActionId: "e5e020e6-2e93-4f00-b4f9-a001e43a7258", ActionName: "PocCqrs.Controllers.ProductController.Create (PocCqrs.Api)", RequestId: "40000041-0005-fd00-b63f-84710c7967bb", RequestPath: "/Product", Environment: "Development" }
15:28:41 - Information - ProductController: {"Code":"0921"} { SourceContext: "PocCqrs.Controllers.ProductController", ActionId: "e5e020e6-2e93-4f00-b4f9-a001e43a7258", ActionName: "PocCqrs.Controllers.ProductController.Create (PocCqrs.Api)", RequestId: "40000042-0005-fd00-b63f-84710c7967bb", RequestPath: "/Product", Environment: "Development" }
15:28:51 - Information - ProductController: {"Code":"0921"} { SourceContext: "PocCqrs.Controllers.ProductController", ActionId: "e5e020e6-2e93-4f00-b4f9-a001e43a7258", ActionName: "PocCqrs.Controllers.ProductController.Create (PocCqrs.Api)", RequestId: "40000043-0005-fd00-b63f-84710c7967bb", RequestPath: "/Product", Environment: "Development" }
15:29:01 - Information - ProductController: {"Code":"0921"} { SourceContext: "PocCqrs.Controllers.ProductController", ActionId: "e5e020e6-2e93-4f00-b4f9-a001e43a7258", ActionName: "PocCqrs.Controllers.ProductController.Create (PocCqrs.Api)", RequestId: "40000044-0005-fd00-b63f-84710c7967bb", RequestPath: "/Product", Environment: "Development" }
15:29:11 - Information - ProductController: {"Code":"0921"} { SourceContext: "PocCqrs.Controllers.ProductController", ActionId: "e5e020e6-2e93-4f00-b4f9-a001e43a7258", ActionName: "PocCqrs.Controllers.ProductController.Create (PocCqrs.Api)", RequestId: "40000045-0005-fd00-b63f-84710c7967bb", RequestPath: "/Product", Environment: "Development" }
15:29:21 - Information - ProductController: {"Code":"0921"} { SourceContext: "PocCqrs.Controllers.ProductController", ActionId: "e5e020e6-2e93-4f00-b4f9-a001e43a7258", ActionName: "PocCqrs.Controllers.ProductController.Create (PocCqrs.Api)", RequestId: "40000046-0005-fd00-b63f-84710c7967bb", RequestPath: "/Product", Environment: "Development" }
15:29:32 - Information - ProductController: {"Code":"0921"} { SourceContext: "PocCqrs.Controllers.ProductController", ActionId: "e5e020e6-2e93-4f00-b4f9-a001e43a7258", ActionName: "PocCqrs.Controllers.ProductController.Create (PocCqrs.Api)", RequestId: "40000047-0005-fd00-b63f-84710c7967bb", RequestPath: "/Product", Environment: "Development" }
15:29:42 - Information - ProductController: {"Code":"0921"} { SourceContext: "PocCqrs.Controllers.ProductController", ActionId: "e5e020e6-2e93-4f00-b4f9-a001e43a7258", ActionName: "PocCqrs.Controllers.ProductController.Create (PocCqrs.Api)", RequestId: "40000048-0005-fd00-b63f-84710c7967bb", RequestPath: "/Product", Environment: "Development" }
15:29:52 - Information - ProductController: {"Code":"0921"} { SourceContext: "PocCqrs.Controllers.ProductController", ActionId: "e5e020e6-2e93-4f00-b4f9-a001e43a7258", ActionName: "PocCqrs.Controllers.ProductController.Create (PocCqrs.Api)", RequestId: "40000049-0005-fd00-b63f-84710c7967bb", RequestPath: "/Product", Environment: "Development" }
15:30:02 - Information - ProductController: {"Code":"0921"} { SourceContext: "PocCqrs.Controllers.ProductController", ActionId: "e5e020e6-2e93-4f00-b4f9-a001e43a7258", ActionName: "PocCqrs.Controllers.ProductController.Create (PocCqrs.Api)", RequestId: "4000004a-0005-fd00-b63f-84710c7967bb", RequestPath: "/Product", Environment: "Development" }
15:30:12 - Information - ProductController: {"Code":"0921"} { SourceContext: "PocCqrs.Controllers.ProductController", ActionId: "e5e020e6-2e93-4f00-b4f9-a001e43a7258", ActionName: "PocCqrs.Controllers.ProductController.Create (PocCqrs.Api)", RequestId: "4000004b-0005-fd00-b63f-84710c7967bb", RequestPath: "/Product", Environment: "Development" }
15:30:22 - Information - ProductController: {"Code":"0921"} { SourceContext: "PocCqrs.Controllers.ProductController", ActionId: "e5e020e6-2e93-4f00-b4f9-a001e43a7258", ActionName: "PocCqrs.Controllers.ProductController.Create (PocCqrs.Api)", RequestId: "4000004c-0005-fd00-b63f-84710c7967bb", RequestPath: "/Product", Environment: "Development" }
15:30:32 - Information - ProductController: {"Code":"0921"} { SourceContext: "PocCqrs.Controllers.ProductController", ActionId: "e5e020e6-2e93-4f00-b4f9-a001e43a7258", ActionName: "PocCqrs.Controllers.ProductController.Create (PocCqrs.Api)", RequestId: "4000004d-0005-fd00-b63f-84710c7967bb", RequestPath: "/Product", Environment: "Development" }
15:30:42 - Information - ProductController: {"Code":"0921"} { SourceContext: "PocCqrs.Controllers.ProductController", ActionId: "e5e020e6-2e93-4f00-b4f9-a001e43a7258", ActionName: "PocCqrs.Controllers.ProductController.Create (PocCqrs.Api)", RequestId: "4000004e-0005-fd00-b63f-84710c7967bb", RequestPath: "/Product", Environment: "Development" }
15:30:53 - Information - ProductController: {"Code":"0921"} { SourceContext: "PocCqrs.Controllers.ProductController", ActionId: "e5e020e6-2e93-4f00-b4f9-a001e43a7258", ActionName: "PocCqrs.Controllers.ProductController.Create (PocCqrs.Api)", RequestId: "4000004f-0005-fd00-b63f-84710c7967bb", RequestPath: "/Product", Environment: "Development" }
15:31:03 - Information - ProductController: {"Code":"0921"} { SourceContext: "PocCqrs.Controllers.ProductController", ActionId: "e5e020e6-2e93-4f00-b4f9-a001e43a7258", ActionName: "PocCqrs.Controllers.ProductController.Create (PocCqrs.Api)", RequestId: "40000050-0005-fd00-b63f-84710c7967bb", RequestPath: "/Product", Environment: "Development" }
15:31:13 - Information - ProductController: {"Code":"0921"} { SourceContext: "PocCqrs.Controllers.ProductController", ActionId: "e5e020e6-2e93-4f00-b4f9-a001e43a7258", ActionName: "PocCqrs.Controllers.ProductController.Create (PocCqrs.Api)", RequestId: "40000051-0005-fd00-b63f-84710c7967bb", RequestPath: "/Product", Environment: "Development" }
15:31:23 - Information - ProductController: {"Code":"0921"} { SourceContext: "PocCqrs.Controllers.ProductController", ActionId: "e5e020e6-2e93-4f00-b4f9-a001e43a7258", ActionName: "PocCqrs.Controllers.ProductController.Create (PocCqrs.Api)", RequestId: "40000052-0005-fd00-b63f-84710c7967bb", RequestPath: "/Product", Environment: "Development" }
15:31:33 - Information - ProductController: {"Code":"0921"} { SourceContext: "PocCqrs.Controllers.ProductController", ActionId: "e5e020e6-2e93-4f00-b4f9-a001e43a7258", ActionName: "PocCqrs.Controllers.ProductController.Create (PocCqrs.Api)", RequestId: "40000053-0005-fd00-b63f-84710c7967bb", RequestPath: "/Product", Environment: "Development" }
15:31:43 - Information - ProductController: {"Code":"0921"} { SourceContext: "PocCqrs.Controllers.ProductController", ActionId: "e5e020e6-2e93-4f00-b4f9-a001e43a7258", ActionName: "PocCqrs.Controllers.ProductController.Create (PocCqrs.Api)", RequestId: "40000054-0005-fd00-b63f-84710c7967bb", RequestPath: "/Product", Environment: "Development" }
15:31:53 - Information - ProductController: {"Code":"0921"} { SourceContext: "PocCqrs.Controllers.ProductController", ActionId: "e5e020e6-2e93-4f00-b4f9-a001e43a7258", ActionName: "PocCqrs.Controllers.ProductController.Create (PocCqrs.Api)", RequestId: "40000055-0005-fd00-b63f-84710c7967bb", RequestPath: "/Product", Environment: "Development" }
15:32:04 - Information - ProductController: {"Code":"0921"} { SourceContext: "PocCqrs.Controllers.ProductController", ActionId: "e5e020e6-2e93-4f00-b4f9-a001e43a7258", ActionName: "PocCqrs.Controllers.ProductController.Create (PocCqrs.Api)", RequestId: "40000056-0005-fd00-b63f-84710c7967bb", RequestPath: "/Product", Environment: "Development" }
15:32:14 - Information - ProductController: {"Code":"0921"} { SourceContext: "PocCqrs.Controllers.ProductController", ActionId: "e5e020e6-2e93-4f00-b4f9-a001e43a7258", ActionName: "PocCqrs.Controllers.ProductController.Create (PocCqrs.Api)", RequestId: "40000057-0005-fd00-b63f-84710c7967bb", RequestPath: "/Product", Environment: "Development" }
15:32:24 - Information - ProductController: {"Code":"0921"} { SourceContext: "PocCqrs.Controllers.ProductController", ActionId: "e5e020e6-2e93-4f00-b4f9-a001e43a7258", ActionName: "PocCqrs.Controllers.ProductController.Create (PocCqrs.Api)", RequestId: "40000058-0005-fd00-b63f-84710c7967bb", RequestPath: "/Product", Environment: "Development" }
15:32:34 - Information - ProductController: {"Code":"0921"} { SourceContext: "PocCqrs.Controllers.ProductController", ActionId: "e5e020e6-2e93-4f00-b4f9-a001e43a7258", ActionName: "PocCqrs.Controllers.ProductController.Create (PocCqrs.Api)", RequestId: "40000059-0005-fd00-b63f-84710c7967bb", RequestPath: "/Product", Environment: "Development" }
15:32:44 - Information - ProductController: {"Code":"0921"} { SourceContext: "PocCqrs.Controllers.ProductController", ActionId: "e5e020e6-2e93-4f00-b4f9-a001e43a7258", ActionName: "PocCqrs.Controllers.ProductController.Create (PocCqrs.Api)", RequestId: "4000005a-0005-fd00-b63f-84710c7967bb", RequestPath: "/Product", Environment: "Development" }
15:32:54 - Information - ProductController: {"Code":"0921"} { SourceContext: "PocCqrs.Controllers.ProductController", ActionId: "e5e020e6-2e93-4f00-b4f9-a001e43a7258", ActionName: "PocCqrs.Controllers.ProductController.Create (PocCqrs.Api)", RequestId: "4000005b-0005-fd00-b63f-84710c7967bb", RequestPath: "/Product", Environment: "Development" }
15:33:04 - Information - ProductController: {"Code":"0921"} { SourceContext: "PocCqrs.Controllers.ProductController", ActionId: "e5e020e6-2e93-4f00-b4f9-a001e43a7258", ActionName: "PocCqrs.Controllers.ProductController.Create (PocCqrs.Api)", RequestId: "4000005c-0005-fd00-b63f-84710c7967bb", RequestPath: "/Product", Environment: "Development" }
15:33:14 - Information - ProductController: {"Code":"0921"} { SourceContext: "PocCqrs.Controllers.ProductController", ActionId: "e5e020e6-2e93-4f00-b4f9-a001e43a7258", ActionName: "PocCqrs.Controllers.ProductController.Create (PocCqrs.Api)", RequestId: "4000005d-0005-fd00-b63f-84710c7967bb", RequestPath: "/Product", Environment: "Development" }
15:33:25 - Information - ProductController: {"Code":"0921"} { SourceContext: "PocCqrs.Controllers.ProductController", ActionId: "e5e020e6-2e93-4f00-b4f9-a001e43a7258", ActionName: "PocCqrs.Controllers.ProductController.Create (PocCqrs.Api)", RequestId: "4000005e-0005-fd00-b63f-84710c7967bb", RequestPath: "/Product", Environment: "Development" }
15:33:35 - Information - ProductController: {"Code":"0921"} { SourceContext: "PocCqrs.Controllers.ProductController", ActionId: "e5e020e6-2e93-4f00-b4f9-a001e43a7258", ActionName: "PocCqrs.Controllers.ProductController.Create (PocCqrs.Api)", RequestId: "4000005f-0005-fd00-b63f-84710c7967bb", RequestPath: "/Product", Environment: "Development" }
15:33:45 - Information - ProductController: {"Code":"0921"} { SourceContext: "PocCqrs.Controllers.ProductController", ActionId: "e5e020e6-2e93-4f00-b4f9-a001e43a7258", ActionName: "PocCqrs.Controllers.ProductController.Create (PocCqrs.Api)", RequestId: "40000060-0005-fd00-b63f-84710c7967bb", RequestPath: "/Product", Environment: "Development" }
15:33:55 - Information - ProductController: {"Code":"0921"} { SourceContext: "PocCqrs.Controllers.ProductController", ActionId: "e5e020e6-2e93-4f00-b4f9-a001e43a7258", ActionName: "PocCqrs.Controllers.ProductController.Create (PocCqrs.Api)", RequestId: "40000061-0005-fd00-b63f-84710c7967bb", RequestPath: "/Product", Environment: "Development" }
15:34:05 - Information - ProductController: {"Code":"0921"} { SourceContext: "PocCqrs.Controllers.ProductController", ActionId: "e5e020e6-2e93-4f00-b4f9-a001e43a7258", ActionName: "PocCqrs.Controllers.ProductController.Create (PocCqrs.Api)", RequestId: "40000062-0005-fd00-b63f-84710c7967bb", RequestPath: "/Product", Environment: "Development" }
15:34:15 - Information - ProductController: {"Code":"0921"} { SourceContext: "PocCqrs.Controllers.ProductController", ActionId: "e5e020e6-2e93-4f00-b4f9-a001e43a7258", ActionName: "PocCqrs.Controllers.ProductController.Create (PocCqrs.Api)", RequestId: "40000063-0005-fd00-b63f-84710c7967bb", RequestPath: "/Product", Environment: "Development" }
15:34:26 - Information - ProductController: {"Code":"0921"} { SourceContext: "PocCqrs.Controllers.ProductController", ActionId: "e5e020e6-2e93-4f00-b4f9-a001e43a7258", ActionName: "PocCqrs.Controllers.ProductController.Create (PocCqrs.Api)", RequestId: "40000064-0005-fd00-b63f-84710c7967bb", RequestPath: "/Product", Environment: "Development" }
15:34:36 - Information - ProductController: {"Code":"0921"} { SourceContext: "PocCqrs.Controllers.ProductController", ActionId: "e5e020e6-2e93-4f00-b4f9-a001e43a7258", ActionName: "PocCqrs.Controllers.ProductController.Create (PocCqrs.Api)", RequestId: "40000065-0005-fd00-b63f-84710c7967bb", RequestPath: "/Product", Environment: "Development" }
15:34:46 - Information - ProductController: {"Code":"0921"} { SourceContext: "PocCqrs.Controllers.ProductController", ActionId: "e5e020e6-2e93-4f00-b4f9-a001e43a7258", ActionName: "PocCqrs.Controllers.ProductController.Create (PocCqrs.Api)", RequestId: "40000066-0005-fd00-b63f-84710c7967bb", RequestPath: "/Product", Environment: "Development" }
15:34:56 - Information - ProductController: {"Code":"0921"} { SourceContext: "PocCqrs.Controllers.ProductController", ActionId: "e5e020e6-2e93-4f00-b4f9-a001e43a7258", ActionName: "PocCqrs.Controllers.ProductController.Create (PocCqrs.Api)", RequestId: "40000067-0005-fd00-b63f-84710c7967bb", RequestPath: "/Product", Environment: "Development" }
15:35:06 - Information - ProductController: {"Code":"0921"} { SourceContext: "PocCqrs.Controllers.ProductController", ActionId: "e5e020e6-2e93-4f00-b4f9-a001e43a7258", ActionName: "PocCqrs.Controllers.ProductController.Create (PocCqrs.Api)", RequestId: "40000068-0005-fd00-b63f-84710c7967bb", RequestPath: "/Product", Environment: "Development" }
15:35:16 - Information - ProductController: {"Code":"0921"} { SourceContext: "PocCqrs.Controllers.ProductController", ActionId: "e5e020e6-2e93-4f00-b4f9-a001e43a7258", ActionName: "PocCqrs.Controllers.ProductController.Create (PocCqrs.Api)", RequestId: "40000069-0005-fd00-b63f-84710c7967bb", RequestPath: "/Product", Environment: "Development" }
15:35:26 - Information - ProductController: {"Code":"0921"} { SourceContext: "PocCqrs.Controllers.ProductController", ActionId: "e5e020e6-2e93-4f00-b4f9-a001e43a7258", ActionName: "PocCqrs.Controllers.ProductController.Create (PocCqrs.Api)", RequestId: "4000006a-0005-fd00-b63f-84710c7967bb", RequestPath: "/Product", Environment: "Development" }
15:35:36 - Information - ProductController: {"Code":"0921"} { SourceContext: "PocCqrs.Controllers.ProductController", ActionId: "e5e020e6-2e93-4f00-b4f9-a001e43a7258", ActionName: "PocCqrs.Controllers.ProductController.Create (PocCqrs.Api)", RequestId: "4000006b-0005-fd00-b63f-84710c7967bb", RequestPath: "/Product", Environment: "Development" }
15:35:47 - Information - ProductController: {"Code":"0921"} { SourceContext: "PocCqrs.Controllers.ProductController", ActionId: "e5e020e6-2e93-4f00-b4f9-a001e43a7258", ActionName: "PocCqrs.Controllers.ProductController.Create (PocCqrs.Api)", RequestId: "4000006c-0005-fd00-b63f-84710c7967bb", RequestPath: "/Product", Environment: "Development" }
15:35:57 - Information - ProductController: {"Code":"0921"} { SourceContext: "PocCqrs.Controllers.ProductController", ActionId: "e5e020e6-2e93-4f00-b4f9-a001e43a7258", ActionName: "PocCqrs.Controllers.ProductController.Create (PocCqrs.Api)", RequestId: "4000006d-0005-fd00-b63f-84710c7967bb", RequestPath: "/Product", Environment: "Development" }
15:36:07 - Information - ProductController: {"Code":"0921"} { SourceContext: "PocCqrs.Controllers.ProductController", ActionId: "e5e020e6-2e93-4f00-b4f9-a001e43a7258", ActionName: "PocCqrs.Controllers.ProductController.Create (PocCqrs.Api)", RequestId: "4000006e-0005-fd00-b63f-84710c7967bb", RequestPath: "/Product", Environment: "Development" }
15:36:17 - Information - ProductController: {"Code":"0921"} { SourceContext: "PocCqrs.Controllers.ProductController", ActionId: "e5e020e6-2e93-4f00-b4f9-a001e43a7258", ActionName: "PocCqrs.Controllers.ProductController.Create (PocCqrs.Api)", RequestId: "4000006f-0005-fd00-b63f-84710c7967bb", RequestPath: "/Product", Environment: "Development" }
15:36:27 - Information - ProductController: {"Code":"0921"} { SourceContext: "PocCqrs.Controllers.ProductController", ActionId: "e5e020e6-2e93-4f00-b4f9-a001e43a7258", ActionName: "PocCqrs.Controllers.ProductController.Create (PocCqrs.Api)", RequestId: "40000070-0005-fd00-b63f-84710c7967bb", RequestPath: "/Product", Environment: "Development" }
15:36:37 - Information - ProductController: {"Code":"0921"} { SourceContext: "PocCqrs.Controllers.ProductController", ActionId: "e5e020e6-2e93-4f00-b4f9-a001e43a7258", ActionName: "PocCqrs.Controllers.ProductController.Create (PocCqrs.Api)", RequestId: "40000071-0005-fd00-b63f-84710c7967bb", RequestPath: "/Product", Environment: "Development" }
15:36:47 - Information - ProductController: {"Code":"0921"} { SourceContext: "PocCqrs.Controllers.ProductController", ActionId: "e5e020e6-2e93-4f00-b4f9-a001e43a7258", ActionName: "PocCqrs.Controllers.ProductController.Create (PocCqrs.Api)", RequestId: "40000072-0005-fd00-b63f-84710c7967bb", RequestPath: "/Product", Environment: "Development" }
15:36:57 - Information - ProductController: {"Code":"0921"} { SourceContext: "PocCqrs.Controllers.ProductController", ActionId: "e5e020e6-2e93-4f00-b4f9-a001e43a7258", ActionName: "PocCqrs.Controllers.ProductController.Create (PocCqrs.Api)", RequestId: "40000073-0005-fd00-b63f-84710c7967bb", RequestPath: "/Product", Environment: "Development" }
15:37:07 - Information - ProductController: {"Code":"0921"} { SourceContext: "PocCqrs.Controllers.ProductController", ActionId: "e5e020e6-2e93-4f00-b4f9-a001e43a7258", ActionName: "PocCqrs.Controllers.ProductController.Create (PocCqrs.Api)", RequestId: "40000074-0005-fd00-b63f-84710c7967bb", RequestPath: "/Product", Environment: "Development" }
15:37:18 - Information - ProductController: {"Code":"0921"} { SourceContext: "PocCqrs.Controllers.ProductController", ActionId: "e5e020e6-2e93-4f00-b4f9-a001e43a7258", ActionName: "PocCqrs.Controllers.ProductController.Create (PocCqrs.Api)", RequestId: "40000075-0005-fd00-b63f-84710c7967bb", RequestPath: "/Product", Environment: "Development" }
15:37:28 - Information - ProductController: {"Code":"0921"} { SourceContext: "PocCqrs.Controllers.ProductController", ActionId: "e5e020e6-2e93-4f00-b4f9-a001e43a7258", ActionName: "PocCqrs.Controllers.ProductController.Create (PocCqrs.Api)", RequestId: "40000076-0005-fd00-b63f-84710c7967bb", RequestPath: "/Product", Environment: "Development" }
15:37:38 - Information - ProductController: {"Code":"0921"} { SourceContext: "PocCqrs.Controllers.ProductController", ActionId: "e5e020e6-2e93-4f00-b4f9-a001e43a7258", ActionName: "PocCqrs.Controllers.ProductController.Create (PocCqrs.Api)", RequestId: "40000077-0005-fd00-b63f-84710c7967bb", RequestPath: "/Product", Environment: "Development" }
15:37:48 - Information - ProductController: {"Code":"0921"} { SourceContext: "PocCqrs.Controllers.ProductController", ActionId: "e5e020e6-2e93-4f00-b4f9-a001e43a7258", ActionName: "PocCqrs.Controllers.ProductController.Create (PocCqrs.Api)", RequestId: "40000078-0005-fd00-b63f-84710c7967bb", RequestPath: "/Product", Environment: "Development" }
15:37:58 - Information - ProductController: {"Code":"0921"} { SourceContext: "PocCqrs.Controllers.ProductController", ActionId: "e5e020e6-2e93-4f00-b4f9-a001e43a7258", ActionName: "PocCqrs.Controllers.ProductController.Create (PocCqrs.Api)", RequestId: "40000079-0005-fd00-b63f-84710c7967bb", RequestPath: "/Product", Environment: "Development" }
15:38:08 - Information - ProductController: {"Code":"0921"} { SourceContext: "PocCqrs.Controllers.ProductController", ActionId: "e5e020e6-2e93-4f00-b4f9-a001e43a7258", ActionName: "PocCqrs.Controllers.ProductController.Create (PocCqrs.Api)", RequestId: "4000007a-0005-fd00-b63f-84710c7967bb", RequestPath: "/Product", Environment: "Development" }
15:38:19 - Information - ProductController: {"Code":"0921"} { SourceContext: "PocCqrs.Controllers.ProductController", ActionId: "e5e020e6-2e93-4f00-b4f9-a001e43a7258", ActionName: "PocCqrs.Controllers.ProductController.Create (PocCqrs.Api)", RequestId: "4000007b-0005-fd00-b63f-84710c7967bb", RequestPath: "/Product", Environment: "Development" }
15:38:29 - Information - ProductController: {"Code":"0921"} { SourceContext: "PocCqrs.Controllers.ProductController", ActionId: "e5e020e6-2e93-4f00-b4f9-a001e43a7258", ActionName: "PocCqrs.Controllers.ProductController.Create (PocCqrs.Api)", RequestId: "4000007c-0005-fd00-b63f-84710c7967bb", RequestPath: "/Product", Environment: "Development" }
15:38:39 - Information - ProductController: {"Code":"0921"} { SourceContext: "PocCqrs.Controllers.ProductController", ActionId: "e5e020e6-2e93-4f00-b4f9-a001e43a7258", ActionName: "PocCqrs.Controllers.ProductController.Create (PocCqrs.Api)", RequestId: "4000007d-0005-fd00-b63f-84710c7967bb", RequestPath: "/Product", Environment: "Development" }
15:38:49 - Information - ProductController: {"Code":"0921"} { SourceContext: "PocCqrs.Controllers.ProductController", ActionId: "e5e020e6-2e93-4f00-b4f9-a001e43a7258", ActionName: "PocCqrs.Controllers.ProductController.Create (PocCqrs.Api)", RequestId: "4000007e-0005-fd00-b63f-84710c7967bb", RequestPath: "/Product", Environment: "Development" }
15:38:59 - Information - ProductController: {"Code":"0921"} { SourceContext: "PocCqrs.Controllers.ProductController", ActionId: "e5e020e6-2e93-4f00-b4f9-a001e43a7258", ActionName: "PocCqrs.Controllers.ProductController.Create (PocCqrs.Api)", RequestId: "4000007f-0005-fd00-b63f-84710c7967bb", RequestPath: "/Product", Environment: "Development" }
15:39:09 - Information - ProductController: {"Code":"0921"} { SourceContext: "PocCqrs.Controllers.ProductController", ActionId: "e5e020e6-2e93-4f00-b4f9-a001e43a7258", ActionName: "PocCqrs.Controllers.ProductController.Create (PocCqrs.Api)", RequestId: "40000080-0005-fd00-b63f-84710c7967bb", RequestPath: "/Product", Environment: "Development" }
15:39:19 - Information - ProductController: {"Code":"0921"} { SourceContext: "PocCqrs.Controllers.ProductController", ActionId: "e5e020e6-2e93-4f00-b4f9-a001e43a7258", ActionName: "PocCqrs.Controllers.ProductController.Create (PocCqrs.Api)", RequestId: "40000081-0005-fd00-b63f-84710c7967bb", RequestPath: "/Product", Environment: "Development" }
15:39:29 - Information - ProductController: {"Code":"0921"} { SourceContext: "PocCqrs.Controllers.ProductController", ActionId: "e5e020e6-2e93-4f00-b4f9-a001e43a7258", ActionName: "PocCqrs.Controllers.ProductController.Create (PocCqrs.Api)", RequestId: "40000082-0005-fd00-b63f-84710c7967bb", RequestPath: "/Product", Environment: "Development" }
15:39:40 - Information - ProductController: {"Code":"0921"} { SourceContext: "PocCqrs.Controllers.ProductController", ActionId: "e5e020e6-2e93-4f00-b4f9-a001e43a7258", ActionName: "PocCqrs.Controllers.ProductController.Create (PocCqrs.Api)", RequestId: "40000083-0005-fd00-b63f-84710c7967bb", RequestPath: "/Product", Environment: "Development" }
15:39:50 - Information - ProductController: {"Code":"0921"} { SourceContext: "PocCqrs.Controllers.ProductController", ActionId: "e5e020e6-2e93-4f00-b4f9-a001e43a7258", ActionName: "PocCqrs.Controllers.ProductController.Create (PocCqrs.Api)", RequestId: "40000084-0005-fd00-b63f-84710c7967bb", RequestPath: "/Product", Environment: "Development" }
15:40:00 - Information - ProductController: {"Code":"0921"} { SourceContext: "PocCqrs.Controllers.ProductController", ActionId: "e5e020e6-2e93-4f00-b4f9-a001e43a7258", ActionName: "PocCqrs.Controllers.ProductController.Create (PocCqrs.Api)", RequestId: "40000085-0005-fd00-b63f-84710c7967bb", RequestPath: "/Product", Environment: "Development" }
15:40:10 - Information - ProductController: {"Code":"0921"} { SourceContext: "PocCqrs.Controllers.ProductController", ActionId: "e5e020e6-2e93-4f00-b4f9-a001e43a7258", ActionName: "PocCqrs.Controllers.ProductController.Create (PocCqrs.Api)", RequestId: "40000086-0005-fd00-b63f-84710c7967bb", RequestPath: "/Product", Environment: "Development" }
15:40:20 - Information - ProductController: {"Code":"0921"} { SourceContext: "PocCqrs.Controllers.ProductController", ActionId: "e5e020e6-2e93-4f00-b4f9-a001e43a7258", ActionName: "PocCqrs.Controllers.ProductController.Create (PocCqrs.Api)", RequestId: "40000087-0005-fd00-b63f-84710c7967bb", RequestPath: "/Product", Environment: "Development" }
15:40:30 - Information - ProductController: {"Code":"0921"} { SourceContext: "PocCqrs.Controllers.ProductController", ActionId: "e5e020e6-2e93-4f00-b4f9-a001e43a7258", ActionName: "PocCqrs.Controllers.ProductController.Create (PocCqrs.Api)", RequestId: "40000088-0005-fd00-b63f-84710c7967bb", RequestPath: "/Product", Environment: "Development" }
15:40:40 - Information - ProductController: {"Code":"0921"} { SourceContext: "PocCqrs.Controllers.ProductController", ActionId: "e5e020e6-2e93-4f00-b4f9-a001e43a7258", ActionName: "PocCqrs.Controllers.ProductController.Create (PocCqrs.Api)", RequestId: "40000089-0005-fd00-b63f-84710c7967bb", RequestPath: "/Product", Environment: "Development" }
15:40:50 - Information - ProductController: {"Code":"0921"} { SourceContext: "PocCqrs.Controllers.ProductController", ActionId: "e5e020e6-2e93-4f00-b4f9-a001e43a7258", ActionName: "PocCqrs.Controllers.ProductController.Create (PocCqrs.Api)", RequestId: "4000008a-0005-fd00-b63f-84710c7967bb", RequestPath: "/Product", Environment: "Development" }
15:41:01 - Information - ProductController: {"Code":"0921"} { SourceContext: "PocCqrs.Controllers.ProductController", ActionId: "e5e020e6-2e93-4f00-b4f9-a001e43a7258", ActionName: "PocCqrs.Controllers.ProductController.Create (PocCqrs.Api)", RequestId: "4000008b-0005-fd00-b63f-84710c7967bb", RequestPath: "/Product", Environment: "Development" }
15:41:11 - Information - ProductController: {"Code":"0921"} { SourceContext: "PocCqrs.Controllers.ProductController", ActionId: "e5e020e6-2e93-4f00-b4f9-a001e43a7258", ActionName: "PocCqrs.Controllers.ProductController.Create (PocCqrs.Api)", RequestId: "4000008c-0005-fd00-b63f-84710c7967bb", RequestPath: "/Product", Environment: "Development" }
15:41:21 - Information - ProductController: {"Code":"0921"} { SourceContext: "PocCqrs.Controllers.ProductController", ActionId: "e5e020e6-2e93-4f00-b4f9-a001e43a7258", ActionName: "PocCqrs.Controllers.ProductController.Create (PocCqrs.Api)", RequestId: "4000008d-0005-fd00-b63f-84710c7967bb", RequestPath: "/Product", Environment: "Development" }
15:41:31 - Information - ProductController: {"Code":"0921"} { SourceContext: "PocCqrs.Controllers.ProductController", ActionId: "e5e020e6-2e93-4f00-b4f9-a001e43a7258", ActionName: "PocCqrs.Controllers.ProductController.Create (PocCqrs.Api)", RequestId: "4000008e-0005-fd00-b63f-84710c7967bb", RequestPath: "/Product", Environment: "Development" }
15:41:41 - Information - ProductController: {"Code":"0921"} { SourceContext: "PocCqrs.Controllers.ProductController", ActionId: "e5e020e6-2e93-4f00-b4f9-a001e43a7258", ActionName: "PocCqrs.Controllers.ProductController.Create (PocCqrs.Api)", RequestId: "4000008f-0005-fd00-b63f-84710c7967bb", RequestPath: "/Product", Environment: "Development" }
15:41:51 - Information - ProductController: {"Code":"0921"} { SourceContext: "PocCqrs.Controllers.ProductController", ActionId: "e5e020e6-2e93-4f00-b4f9-a001e43a7258", ActionName: "PocCqrs.Controllers.ProductController.Create (PocCqrs.Api)", RequestId: "40000090-0005-fd00-b63f-84710c7967bb", RequestPath: "/Product", Environment: "Development" }
15:42:01 - Information - ProductController: {"Code":"0921"} { SourceContext: "PocCqrs.Controllers.ProductController", ActionId: "e5e020e6-2e93-4f00-b4f9-a001e43a7258", ActionName: "PocCqrs.Controllers.ProductController.Create (PocCqrs.Api)", RequestId: "40000091-0005-fd00-b63f-84710c7967bb", RequestPath: "/Product", Environment: "Development" }
15:42:12 - Information - ProductController: {"Code":"0921"} { SourceContext: "PocCqrs.Controllers.ProductController", ActionId: "e5e020e6-2e93-4f00-b4f9-a001e43a7258", ActionName: "PocCqrs.Controllers.ProductController.Create (PocCqrs.Api)", RequestId: "40000092-0005-fd00-b63f-84710c7967bb", RequestPath: "/Product", Environment: "Development" }
15:42:22 - Information - ProductController: {"Code":"0921"} { SourceContext: "PocCqrs.Controllers.ProductController", ActionId: "e5e020e6-2e93-4f00-b4f9-a001e43a7258", ActionName: "PocCqrs.Controllers.ProductController.Create (PocCqrs.Api)", RequestId: "40000093-0005-fd00-b63f-84710c7967bb", RequestPath: "/Product", Environment: "Development" }
15:42:32 - Information - ProductController: {"Code":"0921"} { SourceContext: "PocCqrs.Controllers.ProductController", ActionId: "e5e020e6-2e93-4f00-b4f9-a001e43a7258", ActionName: "PocCqrs.Controllers.ProductController.Create (PocCqrs.Api)", RequestId: "40000094-0005-fd00-b63f-84710c7967bb", RequestPath: "/Product", Environment: "Development" }
15:42:42 - Information - ProductController: {"Code":"0921"} { SourceContext: "PocCqrs.Controllers.ProductController", ActionId: "e5e020e6-2e93-4f00-b4f9-a001e43a7258", ActionName: "PocCqrs.Controllers.ProductController.Create (PocCqrs.Api)", RequestId: "40000095-0005-fd00-b63f-84710c7967bb", RequestPath: "/Product", Environment: "Development" }
15:42:52 - Information - ProductController: {"Code":"0921"} { SourceContext: "PocCqrs.Controllers.ProductController", ActionId: "e5e020e6-2e93-4f00-b4f9-a001e43a7258", ActionName: "PocCqrs.Controllers.ProductController.Create (PocCqrs.Api)", RequestId: "40000096-0005-fd00-b63f-84710c7967bb", RequestPath: "/Product", Environment: "Development" }
15:43:02 - Information - ProductController: {"Code":"0921"} { SourceContext: "PocCqrs.Controllers.ProductController", ActionId: "e5e020e6-2e93-4f00-b4f9-a001e43a7258", ActionName: "PocCqrs.Controllers.ProductController.Create (PocCqrs.Api)", RequestId: "40000097-0005-fd00-b63f-84710c7967bb", RequestPath: "/Product", Environment: "Development" }
15:43:12 - Information - ProductController: {"Code":"0921"} { SourceContext: "PocCqrs.Controllers.ProductController", ActionId: "e5e020e6-2e93-4f00-b4f9-a001e43a7258", ActionName: "PocCqrs.Controllers.ProductController.Create (PocCqrs.Api)", RequestId: "40000098-0005-fd00-b63f-84710c7967bb", RequestPath: "/Product", Environment: "Development" }
15:43:23 - Information - ProductController: {"Code":"0921"} { SourceContext: "PocCqrs.Controllers.ProductController", ActionId: "e5e020e6-2e93-4f00-b4f9-a001e43a7258", ActionName: "PocCqrs.Controllers.ProductController.Create (PocCqrs.Api)", RequestId: "40000099-0005-fd00-b63f-84710c7967bb", RequestPath: "/Product", Environment: "Development" }
15:43:33 - Information - ProductController: {"Code":"0921"} { SourceContext: "PocCqrs.Controllers.ProductController", ActionId: "e5e020e6-2e93-4f00-b4f9-a001e43a7258", ActionName: "PocCqrs.Controllers.ProductController.Create (PocCqrs.Api)", RequestId: "4000009a-0005-fd00-b63f-84710c7967bb", RequestPath: "/Product", Environment: "Development" }
15:43:43 - Information - ProductController: {"Code":"0921"} { SourceContext: "PocCqrs.Controllers.ProductController", ActionId: "e5e020e6-2e93-4f00-b4f9-a001e43a7258", ActionName: "PocCqrs.Controllers.ProductController.Create (PocCqrs.Api)", RequestId: "4000009b-0005-fd00-b63f-84710c7967bb", RequestPath: "/Product", Environment: "Development" }
15:43:53 - Information - ProductController: {"Code":"0921"} { SourceContext: "PocCqrs.Controllers.ProductController", ActionId: "e5e020e6-2e93-4f00-b4f9-a001e43a7258", ActionName: "PocCqrs.Controllers.ProductController.Create (PocCqrs.Api)", RequestId: "4000009c-0005-fd00-b63f-84710c7967bb", RequestPath: "/Product", Environment: "Development" }
15:44:03 - Information - ProductController: {"Code":"0921"} { SourceContext: "PocCqrs.Controllers.ProductController", ActionId: "e5e020e6-2e93-4f00-b4f9-a001e43a7258", ActionName: "PocCqrs.Controllers.ProductController.Create (PocCqrs.Api)", RequestId: "4000009d-0005-fd00-b63f-84710c7967bb", RequestPath: "/Product", Environment: "Development" }
15:44:13 - Information - ProductController: {"Code":"0921"} { SourceContext: "PocCqrs.Controllers.ProductController", ActionId: "e5e020e6-2e93-4f00-b4f9-a001e43a7258", ActionName: "PocCqrs.Controllers.ProductController.Create (PocCqrs.Api)", RequestId: "4000009e-0005-fd00-b63f-84710c7967bb", RequestPath: "/Product", Environment: "Development" }
